#
# A fatal error has been detected by the Java Runtime Environment:
#
#  EXCEPTION_ACCESS_VIOLATION (0xc0000005) at pc=0x000000006af44c2c, pid=27044, tid=0x0000000000007b9c
#
# JRE version: Java(TM) SE Runtime Environment (8.0_291-b10) (build 1.8.0_291-b10)
# Java VM: Java HotSpot(TM) 64-Bit Server VM (25.291-b10 mixed mode windows-amd64 compressed oops)
# Problematic frame:
# C  [rxtxSerial.dll+0x4c2c]
#
# Failed to write core dump. Minidumps are not enabled by default on client versions of Windows
#
# If you would like to submit a bug report, please visit:
#   http://bugreport.java.com/bugreport/crash.jsp
# The crash happened outside the Java Virtual Machine in native code.
# See problematic frame for where to report the bug.
#

---------------  T H R E A D  ---------------

Current thread (0x000001b77dff9800):  JavaThread "Thread-1" [_thread_in_native, id=31644, stack(0x0000009a03b00000,0x0000009a03c00000)]

siginfo: ExceptionCode=0xc0000005, writing address 0x0000009a03afed38

Registers:
RAX=0x0000009a03afed30, RBX=0x0000000000000000, RCX=0x0000000000000000, RDX=0x0000000000000000
RSP=0x0000009a03bff340, RBP=0x000001b77de0a650, RSI=0x0000000000000001, RDI=0x0000000000000000
R8 =0x0000009a03bff298, R9 =0x000001b77de0a650, R10=0x0000000000000000, R11=0x0000000000000246
R12=0x0000000000000000, R13=0x0000000000000001, R14=0x0000000000000001, R15=0x000001b77dff9800
RIP=0x000000006af44c2c, EFLAGS=0x0000000000010246

Top of Stack: (sp=0x0000009a03bff340)
0x0000009a03bff340:   0000000000000400 000001b700000000
0x0000009a03bff350:   0000000000000000 0000000000000000
0x0000009a03bff360:   0000009a03afed30 0000000000000000
0x0000009a03bff370:   0000000000000000 0000000000000000
0x0000009a03bff380:   000001b77de0a650 0000000000000001
0x0000009a03bff390:   ffffffffffffffff 000001b77dff9a00
0x0000009a03bff3a0:   0000009a03bff460 0000000000000001
0x0000009a03bff3b0:   000001b77dff9800 000000006af459cd
0x0000009a03bff3c0:   000001b77dff9a00 0000009a03bff438
0x0000009a03bff3d0:   00000000e0d8d728 000001b77dff9a00
0x0000009a03bff3e0:   0000009a00000001 00000000ffffffff
0x0000009a03bff3f0:   0000000100061c10 00000000e0d8d728
0x0000009a03bff400:   0000000000000001 0000009a03bff490
0x0000009a03bff410:   0000000000000000 0000009a03bff5e0
0x0000009a03bff420:   0000000000000000 000001b7001c7d31
0x0000009a03bff430:   0000009a03bff630 0000009a03bff458 

Instructions: (pc=0x000000006af44c2c)
0x000000006af44c0c:   00 00 00 75 d7 b9 e8 03 00 00 e8 45 1e 00 00 eb
0x000000006af44c1c:   d0 0f 1f 00 45 31 e4 48 8b 44 24 20 8b 7c 24 2c
0x000000006af44c2c:   89 78 08 44 89 e0 48 83 c4 38 5b 5e 5f 5d 41 5c
0x000000006af44c3c:   41 5d 41 5e 41 5f c3 0f 1f 44 00 00 4c 8b 3d 1d 


Register to memory mapping:

RAX=0x0000009a03afed30 is an unknown value
RBX=0x0000000000000000 is an unknown value
RCX=0x0000000000000000 is an unknown value
RDX=0x0000000000000000 is an unknown value
RSP=0x0000009a03bff340 is pointing into the stack for thread: 0x000001b77dff9800
RBP=0x000001b77de0a650 is an unknown value
RSI=0x0000000000000001 is an unknown value
RDI=0x0000000000000000 is an unknown value
R8 =0x0000009a03bff298 is pointing into the stack for thread: 0x000001b77dff9800
R9 =0x000001b77de0a650 is an unknown value
R10=0x0000000000000000 is an unknown value
R11=0x0000000000000246 is an unknown value
R12=0x0000000000000000 is an unknown value
R13=0x0000000000000001 is an unknown value
R14=0x0000000000000001 is an unknown value
R15=0x000001b77dff9800 is a thread


Stack: [0x0000009a03b00000,0x0000009a03c00000],  sp=0x0000009a03bff340,  free space=1020k
Native frames: (J=compiled Java code, j=interpreted, Vv=VM code, C=native code)
C  [rxtxSerial.dll+0x4c2c]
C  [rxtxSerial.dll+0x59cd]
C  0x000001b7001c7d31

Java frames: (J=compiled Java code, j=interpreted, Vv=VM code)
J 375  gnu.io.RXTXPort.readArray([BII)I (0 bytes) @ 0x000001b7001c7c94 [0x000001b7001c7c40+0x54]
J 374 C1 gnu.io.RXTXPort$SerialInputStream.read([BII)I (230 bytes) @ 0x000001b7001cafec [0x000001b7001ca7a0+0x84c]
J 373 C1 gnu.io.RXTXPort$SerialInputStream.read([B)I (77 bytes) @ 0x000001b7001c74b4 [0x000001b7001c7100+0x3b4]
j  spring.arduino.com.serial.SerialRead.run()V+154
j  java.lang.Thread.run()V+11
v  ~StubRoutines::call_stub

---------------  P R O C E S S  ---------------

Java Threads: ( => current thread )
  0x000001b7760cb800 JavaThread "DestroyJavaVM" [_thread_blocked, id=21888, stack(0x0000009a02500000,0x0000009a02600000)]
=>0x000001b77dff9800 JavaThread "Thread-1" [_thread_in_native, id=31644, stack(0x0000009a03b00000,0x0000009a03c00000)]
  0x000001b77de17000 JavaThread "Service Thread" daemon [_thread_blocked, id=24456, stack(0x0000009a03800000,0x0000009a03900000)]
  0x000001b77c03a800 JavaThread "C1 CompilerThread3" daemon [_thread_blocked, id=14296, stack(0x0000009a03700000,0x0000009a03800000)]
  0x000001b77c039800 JavaThread "C2 CompilerThread2" daemon [_thread_blocked, id=20260, stack(0x0000009a03600000,0x0000009a03700000)]
  0x000001b77c026000 JavaThread "C2 CompilerThread1" daemon [_thread_blocked, id=27668, stack(0x0000009a03500000,0x0000009a03600000)]
  0x000001b77c018000 JavaThread "C2 CompilerThread0" daemon [_thread_blocked, id=6808, stack(0x0000009a03400000,0x0000009a03500000)]
  0x000001b77bfc5800 JavaThread "Attach Listener" daemon [_thread_blocked, id=37372, stack(0x0000009a03300000,0x0000009a03400000)]
  0x000001b77bfc4800 JavaThread "Signal Dispatcher" daemon [_thread_blocked, id=14744, stack(0x0000009a03200000,0x0000009a03300000)]
  0x000001b77bf96800 JavaThread "Finalizer" daemon [_thread_blocked, id=37404, stack(0x0000009a03000000,0x0000009a03100000)]
  0x000001b77bf8f800 JavaThread "Reference Handler" daemon [_thread_blocked, id=7808, stack(0x0000009a02f00000,0x0000009a03000000)]

Other Threads:
  0x000001b77bf64800 VMThread [stack: 0x0000009a02e00000,0x0000009a02f00000] [id=16344]
  0x000001b77de1a000 WatcherThread [stack: 0x0000009a03900000,0x0000009a03a00000] [id=1448]

VM state:not at safepoint (normal execution)

VM Mutex/Monitor currently owned by a thread: None

heap address: 0x00000000a2000000, size: 1504 MB, Compressed Oops mode: 32-bit
Narrow klass base: 0x0000000000000000, Narrow klass shift: 3
Compressed class space size: 1073741824 Address: 0x0000000100000000

Heap:
 PSYoungGen      total 28160K, used 7395K [0x00000000e0b00000, 0x00000000e2a00000, 0x0000000100000000)
  eden space 24576K, 30% used [0x00000000e0b00000,0x00000000e1238f30,0x00000000e2300000)
  from space 3584K, 0% used [0x00000000e2680000,0x00000000e2680000,0x00000000e2a00000)
  to   space 3584K, 0% used [0x00000000e2300000,0x00000000e2300000,0x00000000e2680000)
 ParOldGen       total 64512K, used 0K [0x00000000a2000000, 0x00000000a5f00000, 0x00000000e0b00000)
  object space 64512K, 0% used [0x00000000a2000000,0x00000000a2000000,0x00000000a5f00000)
 Metaspace       used 4899K, capacity 5060K, committed 5248K, reserved 1056768K
  class space    used 534K, capacity 600K, committed 640K, reserved 1048576K

Card table byte_map: [0x000001b777e50000,0x000001b778150000] byte_map_base: 0x000001b777940000

Marking Bits: (ParMarkBitMap*) 0x000000005b147fe0
 Begin Bits: [0x000001b778350000, 0x000001b779ad0000)
 End Bits:   [0x000001b779ad0000, 0x000001b77b250000)

Polling page: 0x000001b776290000

CodeCache: size=245760Kb used=1865Kb max_used=1865Kb free=243894Kb
 bounds [0x000001b700000000, 0x000001b700270000, 0x000001b70f000000]
 total_blobs=674 nmethods=392 adapters=196
 compilation: enabled

Compilation events (10 events):
Event: 165.830 Thread 0x000001b77c018000  388       4       java.nio.Buffer::position (38 bytes)
Event: 165.830 Thread 0x000001b77c018000 nmethod 388 0x000001b7001d11d0 code [0x000001b7001d1300, 0x000001b7001d13b8]
Event: 166.495 Thread 0x000001b77c039800  389       4       java.nio.CharBuffer::arrayOffset (35 bytes)
Event: 166.496 Thread 0x000001b77c039800 nmethod 389 0x000001b7001d1490 code [0x000001b7001d15c0, 0x000001b7001d1658]
Event: 166.497 Thread 0x000001b77c03a800  390  s    3       sun.net.www.MessageHeader::add (35 bytes)
Event: 166.497 Thread 0x000001b77c03a800 nmethod 390 0x000001b7001cce90 code [0x000001b7001cd020, 0x000001b7001cd5d0]
Event: 168.932 Thread 0x000001b77c03a800  391       3       java.lang.Integer::parseInt (261 bytes)
Event: 168.934 Thread 0x000001b77c03a800 nmethod 391 0x000001b7001d1710 code [0x000001b7001d1ac0, 0x000001b7001d38d0]
Event: 205.121 Thread 0x000001b77c03a800  392       3       java.lang.Integer::parseInt (7 bytes)
Event: 205.121 Thread 0x000001b77c03a800 nmethod 392 0x000001b7001ccb10 code [0x000001b7001ccc80, 0x000001b7001ccdf0]

GC Heap History (0 events):
No events

Deoptimization events (0 events):
No events

Classes redefined (0 events):
No events

Internal exceptions (10 events):
Event: 37.604 Thread 0x000001b77dff9800 Exception <a 'java/net/ConnectException': Connection refused: connect> (0x00000000e106b850) thrown at [C:\jenkins\workspace\8-2-build-windows-amd64-cygwin\jdk8u291\1294\hotspot\src\share\vm\prims\jni.cpp, line 737]
Event: 41.220 Thread 0x000001b77dff9800 Exception <a 'java/net/ConnectException': Connection refused: connect> (0x00000000e106dc10) thrown at [C:\jenkins\workspace\8-2-build-windows-amd64-cygwin\jdk8u291\1294\hotspot\src\share\vm\prims\jni.cpp, line 737]
Event: 46.050 Thread 0x000001b77dff9800 Exception <a 'java/net/ConnectException': Connection refused: connect> (0x00000000e1070558) thrown at [C:\jenkins\workspace\8-2-build-windows-amd64-cygwin\jdk8u291\1294\hotspot\src\share\vm\prims\jni.cpp, line 737]
Event: 49.779 Thread 0x000001b77dff9800 Exception <a 'java/net/ConnectException': Connection refused: connect> (0x00000000e1072918) thrown at [C:\jenkins\workspace\8-2-build-windows-amd64-cygwin\jdk8u291\1294\hotspot\src\share\vm\prims\jni.cpp, line 737]
Event: 52.699 Thread 0x000001b77dff9800 Exception <a 'java/net/ConnectException': Connection refused: connect> (0x00000000e1074770) thrown at [C:\jenkins\workspace\8-2-build-windows-amd64-cygwin\jdk8u291\1294\hotspot\src\share\vm\prims\jni.cpp, line 737]
Event: 56.720 Thread 0x000001b77dff9800 Exception <a 'java/net/ConnectException': Connection refused: connect> (0x00000000e1076d08) thrown at [C:\jenkins\workspace\8-2-build-windows-amd64-cygwin\jdk8u291\1294\hotspot\src\share\vm\prims\jni.cpp, line 737]
Event: 59.017 Thread 0x000001b77dff9800 Exception <a 'java/net/ConnectException': Connection refused: connect> (0x00000000e1078790) thrown at [C:\jenkins\workspace\8-2-build-windows-amd64-cygwin\jdk8u291\1294\hotspot\src\share\vm\prims\jni.cpp, line 737]
Event: 64.134 Thread 0x000001b77dff9800 Exception <a 'java/net/ConnectException': Connection refused: connect> (0x00000000e107b2d0) thrown at [C:\jenkins\workspace\8-2-build-windows-amd64-cygwin\jdk8u291\1294\hotspot\src\share\vm\prims\jni.cpp, line 737]
Event: 69.563 Thread 0x000001b77dff9800 Exception <a 'java/net/ConnectException': Connection refused: connect> (0x00000000e107e1e0) thrown at [C:\jenkins\workspace\8-2-build-windows-amd64-cygwin\jdk8u291\1294\hotspot\src\share\vm\prims\jni.cpp, line 737]
Event: 206.349 Thread 0x000001b77dff7800 Exception <a 'java/io/IOException': No error in nativeavailable> (0x00000000e0de22f0) thrown at [C:\jenkins\workspace\8-2-build-windows-amd64-cygwin\jdk8u291\1294\hotspot\src\share\vm\prims\jni.cpp, line 737]

Events (10 events):
Event: 87.968 loading class sun/net/www/protocol/http/HttpURLConnection$HttpInputStream done
Event: 206.349 loading class java/lang/Throwable$WrappedPrintStream
Event: 206.350 loading class java/lang/Throwable$PrintStreamOrWriter
Event: 206.350 loading class java/lang/Throwable$PrintStreamOrWriter done
Event: 206.350 loading class java/lang/Throwable$WrappedPrintStream done
Event: 206.350 loading class java/util/IdentityHashMap
Event: 206.350 loading class java/util/IdentityHashMap done
Event: 206.350 loading class java/util/IdentityHashMap$KeySet
Event: 206.350 loading class java/util/IdentityHashMap$KeySet done
Event: 206.350 Thread 0x000001b77dff7800 Thread exited: 0x000001b77dff7800


Dynamic libraries:
0x00007ff6ca070000 - 0x00007ff6ca0b7000 	C:\Program Files\Java\jdk1.8.0_291\bin\javaw.exe
0x00007ffa21a30000 - 0x00007ffa21c25000 	C:\WINDOWS\SYSTEM32\ntdll.dll
0x00007ffa1fcd0000 - 0x00007ffa1fd8e000 	C:\WINDOWS\System32\KERNEL32.DLL
0x00007ffa1f1b0000 - 0x00007ffa1f478000 	C:\WINDOWS\System32\KERNELBASE.dll
0x00007ffa1fae0000 - 0x00007ffa1fb8c000 	C:\WINDOWS\System32\ADVAPI32.dll
0x00007ffa205f0000 - 0x00007ffa2068e000 	C:\WINDOWS\System32\msvcrt.dll
0x00007ffa210d0000 - 0x00007ffa2116b000 	C:\WINDOWS\System32\sechost.dll
0x00007ffa218c0000 - 0x00007ffa219ea000 	C:\WINDOWS\System32\RPCRT4.dll
0x00007ffa1fed0000 - 0x00007ffa20071000 	C:\WINDOWS\System32\USER32.dll
0x00007ffa1f790000 - 0x00007ffa1f7b2000 	C:\WINDOWS\System32\win32u.dll
0x00007ffa20530000 - 0x00007ffa2055b000 	C:\WINDOWS\System32\GDI32.dll
0x00007ffa1f480000 - 0x00007ffa1f58b000 	C:\WINDOWS\System32\gdi32full.dll
0x00007ffa1f6f0000 - 0x00007ffa1f78d000 	C:\WINDOWS\System32\msvcp_win.dll
0x00007ffa1f5f0000 - 0x00007ffa1f6f0000 	C:\WINDOWS\System32\ucrtbase.dll
0x00007ffa0e8f0000 - 0x00007ffa0eb8a000 	C:\WINDOWS\WinSxS\amd64_microsoft.windows.common-controls_6595b64144ccf1df_6.0.19041.1110_none_60b5254171f9507e\COMCTL32.dll
0x00007ffa20350000 - 0x00007ffa20380000 	C:\WINDOWS\System32\IMM32.DLL
0x00007ffa0f6d0000 - 0x00007ffa0f6e5000 	C:\Program Files\Java\jdk1.8.0_291\jre\bin\vcruntime140.dll
0x00007ff9ea0c0000 - 0x00007ff9ea15b000 	C:\Program Files\Java\jdk1.8.0_291\jre\bin\msvcp140.dll
0x000000005a960000 - 0x000000005b1c0000 	C:\Program Files\Java\jdk1.8.0_291\jre\bin\server\jvm.dll
0x00007ffa20a50000 - 0x00007ffa20a58000 	C:\WINDOWS\System32\PSAPI.DLL
0x00007ffa19900000 - 0x00007ffa19909000 	C:\WINDOWS\SYSTEM32\WSOCK32.dll
0x00007ffa14250000 - 0x00007ffa14277000 	C:\WINDOWS\SYSTEM32\WINMM.dll
0x00007ffa1fe60000 - 0x00007ffa1fecb000 	C:\WINDOWS\System32\WS2_32.dll
0x00007ffa140d0000 - 0x00007ffa140da000 	C:\WINDOWS\SYSTEM32\VERSION.dll
0x00007ffa1da30000 - 0x00007ffa1da42000 	C:\WINDOWS\SYSTEM32\kernel.appcore.dll
0x00007ffa17bd0000 - 0x00007ffa17be0000 	C:\Program Files\Java\jdk1.8.0_291\jre\bin\verify.dll
0x00007ffa04ad0000 - 0x00007ffa04afb000 	C:\Program Files\Java\jdk1.8.0_291\jre\bin\java.dll
0x00007ffa0f6b0000 - 0x00007ffa0f6c8000 	C:\Program Files\Java\jdk1.8.0_291\jre\bin\zip.dll
0x00007ffa21170000 - 0x00007ffa218af000 	C:\WINDOWS\System32\SHELL32.dll
0x00007ffa1d290000 - 0x00007ffa1da20000 	C:\WINDOWS\SYSTEM32\windows.storage.dll
0x00007ffa20690000 - 0x00007ffa209e5000 	C:\WINDOWS\System32\combase.dll
0x00007ffa1ec00000 - 0x00007ffa1ec2e000 	C:\WINDOWS\SYSTEM32\Wldp.dll
0x00007ffa20ac0000 - 0x00007ffa20b6d000 	C:\WINDOWS\System32\SHCORE.dll
0x00007ffa209f0000 - 0x00007ffa20a45000 	C:\WINDOWS\System32\shlwapi.dll
0x00007ffa1f0f0000 - 0x00007ffa1f10f000 	C:\WINDOWS\SYSTEM32\profapi.dll
0x000000006af40000 - 0x000000006af9f000 	C:\Users\User\git\arduino\arduino\lib\rxtxSerial.dll
0x00007ffa04c50000 - 0x00007ffa04c6c000 	C:\Program Files\Java\jdk1.8.0_291\jre\bin\net.dll
0x00007ffa1e960000 - 0x00007ffa1e9ca000 	C:\WINDOWS\system32\mswsock.dll
0x00007ffa1e640000 - 0x00007ffa1e70b000 	C:\WINDOWS\SYSTEM32\DNSAPI.dll
0x00007ffa1e600000 - 0x00007ffa1e63b000 	C:\WINDOWS\SYSTEM32\IPHLPAPI.DLL
0x00007ffa218b0000 - 0x00007ffa218b8000 	C:\WINDOWS\System32\NSI.dll
0x00007ffa17150000 - 0x00007ffa1715a000 	C:\Windows\System32\rasadhlp.dll
0x00007ffa0eba0000 - 0x00007ffa0ec1f000 	C:\WINDOWS\System32\fwpuclnt.dll
0x00007ffa1f7c0000 - 0x00007ffa1f7e7000 	C:\WINDOWS\System32\bcrypt.dll
0x00007ffa1ce60000 - 0x00007ffa1d044000 	C:\WINDOWS\SYSTEM32\dbghelp.dll
0x00007ffa1f8a0000 - 0x00007ffa1f923000 	C:\WINDOWS\System32\bcryptPrimitives.dll

VM Arguments:
jvm_args: -Djava.library.path=C:\Users\User\git\arduino\arduino\lib -Dfile.encoding=UTF-8 
java_command: spring.arduino.com.serial.Main
java_class_path (initial): C:\Users\User\git\arduino\arduino\target\classes;C:\Users\User\Desktop\eclipse\apache-tomcat-9.0.45\lib\annotations-api.jar;C:\Users\User\Desktop\eclipse\apache-tomcat-9.0.45\lib\catalina-ant.jar;C:\Users\User\Desktop\eclipse\apache-tomcat-9.0.45\lib\catalina-ha.jar;C:\Users\User\Desktop\eclipse\apache-tomcat-9.0.45\lib\catalina-ssi.jar;C:\Users\User\Desktop\eclipse\apache-tomcat-9.0.45\lib\catalina-storeconfig.jar;C:\Users\User\Desktop\eclipse\apache-tomcat-9.0.45\lib\catalina-tribes.jar;C:\Users\User\Desktop\eclipse\apache-tomcat-9.0.45\lib\catalina.jar;C:\Users\User\Desktop\eclipse\apache-tomcat-9.0.45\lib\ecj-4.18.jar;C:\Users\User\Desktop\eclipse\apache-tomcat-9.0.45\lib\el-api.jar;C:\Users\User\Desktop\eclipse\apache-tomcat-9.0.45\lib\jasper-el.jar;C:\Users\User\Desktop\eclipse\apache-tomcat-9.0.45\lib\jasper.jar;C:\Users\User\Desktop\eclipse\apache-tomcat-9.0.45\lib\jaspic-api.jar;C:\Users\User\Desktop\eclipse\apache-tomcat-9.0.45\lib\jsp-api.jar;C:\Users\User\Desktop\eclipse\apache-tomcat-9.0.45\lib\servlet-api.jar;C:\Users\User\Desktop\eclipse\apache-tomcat-9.0.45\lib\tomcat-api.jar;C:\Users\User\Desktop\eclipse\apache-tomcat-9.0.45\lib\tomcat-coyote.jar;C:\Users\User\Desktop\eclipse\apache-tomcat-9.0.45\lib\tomcat-dbcp.jar;C:\Users\User\Desktop\eclipse\apache-tomcat-9.0.45\lib\tomcat-i18n-cs.jar;C:\Users\User\Desktop\eclipse\apache-tomcat-9.0.45\lib\tomcat-i18n-de.jar;C:\Users\User\Desktop\eclipse\apache-tomcat-9.0.45\lib\tomcat-i18n-es.jar;C:\Users\User\Desktop\eclipse\apache-tomcat-9.0.45\lib\tomcat-i18n-fr.jar;C:\Users\User\Desktop\eclipse\apache-tomcat-9.0.45\lib\tomcat-i18n-ja.jar;C:\Users\User\Desktop\eclipse\apache-tomcat-9.0.45\lib\tomcat-i18n-ko.jar;C:\Users\User\Desktop\eclipse\apache-tomcat-9.0.45\lib\tomcat-i18n-pt-BR.jar;C:\Users\User\Desktop\eclipse\apache-tomcat-9.0.45\lib\tomcat-i18n-ru.jar;C:\Users\User\Desktop\eclipse\apache-tomcat-9.0.45\lib\tomcat-i18n-zh-CN.jar;C:\Users\User\Desktop\eclipse\apache-tomcat-9.
Launcher Type: SUN_STANDARD

Environment Variables:
JAVA_HOME=C:\Program Files\Java\jdk1.8.0_291\bin
PATH=C:/Users/User/.p2/pool/plugins/org.eclipse.justj.openjdk.hotspot.jre.full.win32.x86_64_15.0.2.v20210201-0955/jre/bin/server;C:/Users/User/.p2/pool/plugins/org.eclipse.justj.openjdk.hotspot.jre.full.win32.x86_64_15.0.2.v20210201-0955/jre/bin;C:\Program Files\dotnet\anaconda3;C:\Program Files\dotnet\anaconda3\Library\mingw-w64\bin;C:\Program Files\dotnet\anaconda3\Library\usr\bin;C:\Program Files\dotnet\anaconda3\Library\bin;C:\Program Files\dotnet\anaconda3\Scripts;C:\ProgramData\Anaconda3;C:\ProgramData\Anaconda3\Library\mingw-w64\bin;C:\ProgramData\Anaconda3\Library\usr\bin;C:\ProgramData\Anaconda3\Library\bin;C:\ProgramData\Anaconda3\Scripts;C:\Program Files (x86)\Common Files\Oracle\Java\javapath;C:\WINDOWS\system32;C:\WINDOWS;C:\WINDOWS\System32\Wbem;C:\WINDOWS\System32\WindowsPowerShell\v1.0\;C:\WINDOWS\System32\OpenSSH\;C:\Program Files (x86)\PuTTY\;C:\Users\User\Desktop\eclipse\apache-tomcat-9.0.45\bin;C:\Program Files\MariaDB 10.5\bin;C:\Program Files\dotnet\;C:\Program Files\PuTTY\;C:\Program Files\Java\jdk1.8.0_291\bin;C:\Users\User\AppData\Local\Microsoft\WindowsApps;C:\Program Files\Bandizip\;C:\Users\User\.dotnet\tools;C:\Users\User\AppData\Local\Programs\Microsoft VS Code\bin;C:\ProgramData\User\atom\bin;C:\Users\User\AppData\Local\atom\bin;C:\Users\User\Desktop\eclipse;
USERNAME=User
OS=Windows_NT
PROCESSOR_IDENTIFIER=AMD64 Family 23 Model 96 Stepping 1, AuthenticAMD



---------------  S Y S T E M  ---------------

OS: Windows 10.0 , 64 bit Build 19041 (10.0.19041.1348)

CPU:total 8 (initial active 8) (8 cores per cpu, 1 threads per core) family 23 model 96 stepping 1, cmov, cx8, fxsr, mmx, sse, sse2, sse3, ssse3, sse4.1, sse4.2, popcnt, avx, avx2, aes, clmul, mmxext, 3dnowpref, lzcnt, sse4a, tsc, tscinvbit, tscinv, bmi1

Memory: 4k page, physical 6157632k(554320k free), swap 15348452k(2460096k free)

vm_info: Java HotSpot(TM) 64-Bit Server VM (25.291-b10) for windows-amd64 JRE (1.8.0_291-b10), built on Apr  9 2021 00:02:00 by "java_re" with MS VC++ 15.9 (VS2017)

time: Wed Apr 27 16:05:06 2022
timezone: 대한민국 표준시
elapsed time: 206.871610 seconds (0d 0h 3m 26s)

