#
# A fatal error has been detected by the Java Runtime Environment:
#
#  EXCEPTION_ACCESS_VIOLATION (0xc0000005) at pc=0x000000006af44c2c, pid=6644, tid=0x0000000000008cdc
#
# JRE version: Java(TM) SE Runtime Environment (8.0_291-b10) (build 1.8.0_291-b10)
# Java VM: Java HotSpot(TM) 64-Bit Server VM (25.291-b10 mixed mode windows-amd64 compressed oops)
# Problematic frame:
# C  [rxtxSerial.dll+0x4c2c]
#
# Failed to write core dump. Minidumps are not enabled by default on client versions of Windows
#
# If you would like to submit a bug report, please visit:
#   http://bugreport.java.com/bugreport/crash.jsp
# The crash happened outside the Java Virtual Machine in native code.
# See problematic frame for where to report the bug.
#

---------------  T H R E A D  ---------------

Current thread (0x000001830fb83800):  JavaThread "Thread-1" [_thread_in_native, id=36060, stack(0x00000047ce300000,0x00000047ce400000)]

siginfo: ExceptionCode=0xc0000005, writing address 0x00000047ce2fef68

Registers:
RAX=0x00000047ce2fef60, RBX=0x0000000000000000, RCX=0x0000000000000000, RDX=0x0000000000000000
RSP=0x00000047ce3ff0b0, RBP=0x0000018378ade660, RSI=0x0000000000000001, RDI=0x0000000000000000
R8 =0x00000047ce3ff008, R9 =0x0000018378ade660, R10=0x0000000000000000, R11=0x0000000000000246
R12=0x0000000000000000, R13=0x0000000000000001, R14=0x0000000000000001, R15=0x000001830fb83800
RIP=0x000000006af44c2c, EFLAGS=0x0000000000010246

Top of Stack: (sp=0x00000047ce3ff0b0)
0x00000047ce3ff0b0:   0000000000000400 0000018300000000
0x00000047ce3ff0c0:   0000000000000000 0000000000000000
0x00000047ce3ff0d0:   00000047ce2fef60 0000000000000000
0x00000047ce3ff0e0:   0000000000000000 0000000000000000
0x00000047ce3ff0f0:   0000018378ade660 0000000000000001
0x00000047ce3ff100:   ffffffffffffffff 000001830fb83a00
0x00000047ce3ff110:   00000047ce3ff258 0000000000000001
0x00000047ce3ff120:   000001830fb83800 000000006af459cd
0x00000047ce3ff130:   000001830fb83a00 00000047ce3ff1a8
0x00000047ce3ff140:   000001837e4bacd0 00000047ce3ff240
0x00000047ce3ff150:   0000000000000001 00000000ffffffff
0x00000047ce3ff160:   000001837e4aae48 000001837e4bacd0
0x00000047ce3ff170:   0000000000000108 00000047ce3ff228
0x00000047ce3ff180:   0000000000000000 000001837e4aae40
0x00000047ce3ff190:   00000047ce3ff260 000001830001990e
0x00000047ce3ff1a0:   00000047ce3ff1bc 00000047ce3ff260 

Instructions: (pc=0x000000006af44c2c)
0x000000006af44c0c:   00 00 00 75 d7 b9 e8 03 00 00 e8 45 1e 00 00 eb
0x000000006af44c1c:   d0 0f 1f 00 45 31 e4 48 8b 44 24 20 8b 7c 24 2c
0x000000006af44c2c:   89 78 08 44 89 e0 48 83 c4 38 5b 5e 5f 5d 41 5c
0x000000006af44c3c:   41 5d 41 5e 41 5f c3 0f 1f 44 00 00 4c 8b 3d 1d 


Register to memory mapping:

RAX=0x00000047ce2fef60 is an unknown value
RBX=0x0000000000000000 is an unknown value
RCX=0x0000000000000000 is an unknown value
RDX=0x0000000000000000 is an unknown value
RSP=0x00000047ce3ff0b0 is pointing into the stack for thread: 0x000001830fb83800
RBP=0x0000018378ade660 is an unknown value
RSI=0x0000000000000001 is an unknown value
RDI=0x0000000000000000 is an unknown value
R8 =0x00000047ce3ff008 is pointing into the stack for thread: 0x000001830fb83800
R9 =0x0000018378ade660 is an unknown value
R10=0x0000000000000000 is an unknown value
R11=0x0000000000000246 is an unknown value
R12=0x0000000000000000 is an unknown value
R13=0x0000000000000001 is an unknown value
R14=0x0000000000000001 is an unknown value
R15=0x000001830fb83800 is a thread


Stack: [0x00000047ce300000,0x00000047ce400000],  sp=0x00000047ce3ff0b0,  free space=1020k
Native frames: (J=compiled Java code, j=interpreted, Vv=VM code, C=native code)
C  [rxtxSerial.dll+0x4c2c]
C  [rxtxSerial.dll+0x59cd]
C  0x000001830001990e

Java frames: (J=compiled Java code, j=interpreted, Vv=VM code)
j  gnu.io.RXTXPort.readArray([BII)I+0
j  gnu.io.RXTXPort$SerialInputStream.read([BII)I+187
j  gnu.io.RXTXPort$SerialInputStream.read([B)I+38
j  spring.arduino.com.serial.SerialRead.run()V+161
j  java.lang.Thread.run()V+11
v  ~StubRoutines::call_stub

---------------  P R O C E S S  ---------------

Java Threads: ( => current thread )
  0x0000018378b0c000 JavaThread "DestroyJavaVM" [_thread_blocked, id=29012, stack(0x00000047cce00000,0x00000047ccf00000)]
=>0x000001830fb83800 JavaThread "Thread-1" [_thread_in_native, id=36060, stack(0x00000047ce300000,0x00000047ce400000)]
  0x000001830f8fe800 JavaThread "Service Thread" daemon [_thread_blocked, id=17436, stack(0x00000047ce000000,0x00000047ce100000)]
  0x000001837eb92800 JavaThread "C1 CompilerThread3" daemon [_thread_blocked, id=17584, stack(0x00000047cdf00000,0x00000047ce000000)]
  0x000001837eb8b800 JavaThread "C2 CompilerThread2" daemon [_thread_blocked, id=8584, stack(0x00000047cde00000,0x00000047cdf00000)]
  0x000001837eb89000 JavaThread "C2 CompilerThread1" daemon [_thread_blocked, id=32552, stack(0x00000047cdd00000,0x00000047cde00000)]
  0x000001837eb7d000 JavaThread "C2 CompilerThread0" daemon [_thread_blocked, id=32764, stack(0x00000047cdc00000,0x00000047cdd00000)]
  0x000001837eb7c000 JavaThread "Attach Listener" daemon [_thread_blocked, id=25676, stack(0x00000047cdb00000,0x00000047cdc00000)]
  0x000001837eb27800 JavaThread "Signal Dispatcher" daemon [_thread_blocked, id=28996, stack(0x00000047cda00000,0x00000047cdb00000)]
  0x000001837eaf9000 JavaThread "Finalizer" daemon [_thread_blocked, id=23860, stack(0x00000047cd900000,0x00000047cda00000)]
  0x000001837eaf1800 JavaThread "Reference Handler" daemon [_thread_blocked, id=9456, stack(0x00000047cd800000,0x00000047cd900000)]

Other Threads:
  0x000001837eac7000 VMThread [stack: 0x00000047cd700000,0x00000047cd800000] [id=31308]
  0x000001830f925800 WatcherThread [stack: 0x00000047ce100000,0x00000047ce200000] [id=17680]

VM state:not at safepoint (normal execution)

VM Mutex/Monitor currently owned by a thread: None

heap address: 0x00000000a2000000, size: 1504 MB, Compressed Oops mode: 32-bit
Narrow klass base: 0x0000000000000000, Narrow klass shift: 3
Compressed class space size: 1073741824 Address: 0x0000000100000000

Heap:
 PSYoungGen      total 28160K, used 5911K [0x00000000e0b00000, 0x00000000e2a00000, 0x0000000100000000)
  eden space 24576K, 24% used [0x00000000e0b00000,0x00000000e10c5cd8,0x00000000e2300000)
  from space 3584K, 0% used [0x00000000e2680000,0x00000000e2680000,0x00000000e2a00000)
  to   space 3584K, 0% used [0x00000000e2300000,0x00000000e2300000,0x00000000e2680000)
 ParOldGen       total 64512K, used 0K [0x00000000a2000000, 0x00000000a5f00000, 0x00000000e0b00000)
  object space 64512K, 0% used [0x00000000a2000000,0x00000000a2000000,0x00000000a5f00000)
 Metaspace       used 4809K, capacity 4996K, committed 5248K, reserved 1056768K
  class space    used 522K, capacity 600K, committed 640K, reserved 1048576K

Card table byte_map: [0x000001837a9b0000,0x000001837acb0000] byte_map_base: 0x000001837a4a0000

Marking Bits: (ParMarkBitMap*) 0x000000005b147fe0
 Begin Bits: [0x000001837aeb0000, 0x000001837c630000)
 End Bits:   [0x000001837c630000, 0x000001837ddb0000)

Polling page: 0x0000018378d00000

CodeCache: size=245760Kb used=1782Kb max_used=1782Kb free=243977Kb
 bounds [0x0000018300000000, 0x0000018300270000, 0x000001830f000000]
 total_blobs=629 nmethods=349 adapters=194
 compilation: enabled

Compilation events (10 events):
Event: 70.237 Thread 0x000001837eb92800  345       1       gnu.io.RXTXPort::access$1300 (5 bytes)
Event: 70.237 Thread 0x000001837eb92800 nmethod 345 0x00000183001bc950 code [0x00000183001bcaa0, 0x00000183001bcb98]
Event: 73.350 Thread 0x000001837eb92800  346       3       java.lang.StringCoding::deref (19 bytes)
Event: 73.351 Thread 0x000001837eb92800 nmethod 346 0x00000183001bcc10 code [0x00000183001bcda0, 0x00000183001bd250]
Event: 73.351 Thread 0x000001837eb92800  347       3       java.lang.StringCoding::access$000 (6 bytes)
Event: 73.351 Thread 0x000001837eb92800 nmethod 347 0x00000183001bd390 code [0x00000183001bd500, 0x00000183001bd6d8]
Event: 73.351 Thread 0x000001837eb92800  348       3       java.lang.StringCoding::scale (7 bytes)
Event: 73.351 Thread 0x000001837eb92800 nmethod 348 0x00000183001bd790 code [0x00000183001bd8e0, 0x00000183001bda58]
Event: 73.660 Thread 0x000001837eb92800  349       3       java.nio.charset.CharsetDecoder::maxCharsPerByte (5 bytes)
Event: 73.660 Thread 0x000001837eb92800 nmethod 349 0x00000183001bdad0 code [0x00000183001bdc20, 0x00000183001bdd78]

GC Heap History (0 events):
No events

Deoptimization events (0 events):
No events

Classes redefined (0 events):
No events

Internal exceptions (10 events):
Event: 33.068 Thread 0x000001830fb83800 Exception <a 'java/net/ConnectException': Connection refused: connect> (0x00000000e1066868) thrown at [C:\jenkins\workspace\8-2-build-windows-amd64-cygwin\jdk8u291\1294\hotspot\src\share\vm\prims\jni.cpp, line 737]
Event: 35.118 Thread 0x000001830fb83800 Exception <a 'java/net/ConnectException': Connection refused: connect> (0x00000000e1068320) thrown at [C:\jenkins\workspace\8-2-build-windows-amd64-cygwin\jdk8u291\1294\hotspot\src\share\vm\prims\jni.cpp, line 737]
Event: 54.539 Thread 0x000001830fb83800 Exception <a 'java/net/ConnectException': Connection refused: connect> (0x00000000e1070ca8) thrown at [C:\jenkins\workspace\8-2-build-windows-amd64-cygwin\jdk8u291\1294\hotspot\src\share\vm\prims\jni.cpp, line 737]
Event: 56.570 Thread 0x000001830fb83800 Exception <a 'java/net/ConnectException': Connection refused: connect> (0x00000000e1072760) thrown at [C:\jenkins\workspace\8-2-build-windows-amd64-cygwin\jdk8u291\1294\hotspot\src\share\vm\prims\jni.cpp, line 737]
Event: 58.616 Thread 0x000001830fb83800 Exception <a 'java/net/ConnectException': Connection refused: connect> (0x00000000e1074258) thrown at [C:\jenkins\workspace\8-2-build-windows-amd64-cygwin\jdk8u291\1294\hotspot\src\share\vm\prims\jni.cpp, line 737]
Event: 60.671 Thread 0x000001830fb83800 Exception <a 'java/net/ConnectException': Connection refused: connect> (0x00000000e1075d30) thrown at [C:\jenkins\workspace\8-2-build-windows-amd64-cygwin\jdk8u291\1294\hotspot\src\share\vm\prims\jni.cpp, line 737]
Event: 62.722 Thread 0x000001830fb83800 Exception <a 'java/net/ConnectException': Connection refused: connect> (0x00000000e1077808) thrown at [C:\jenkins\workspace\8-2-build-windows-amd64-cygwin\jdk8u291\1294\hotspot\src\share\vm\prims\jni.cpp, line 737]
Event: 64.771 Thread 0x000001830fb83800 Exception <a 'java/net/ConnectException': Connection refused: connect> (0x00000000e10792e0) thrown at [C:\jenkins\workspace\8-2-build-windows-amd64-cygwin\jdk8u291\1294\hotspot\src\share\vm\prims\jni.cpp, line 737]
Event: 66.819 Thread 0x000001830fb83800 Exception <a 'java/net/ConnectException': Connection refused: connect> (0x00000000e107adb8) thrown at [C:\jenkins\workspace\8-2-build-windows-amd64-cygwin\jdk8u291\1294\hotspot\src\share\vm\prims\jni.cpp, line 737]
Event: 74.871 Thread 0x000001830fb82800 Exception <a 'java/io/IOException': No error in nativeavailable> (0x00000000e0de22f0) thrown at [C:\jenkins\workspace\8-2-build-windows-amd64-cygwin\jdk8u291\1294\hotspot\src\share\vm\prims\jni.cpp, line 737]

Events (10 events):
Event: 52.491 loading class java/util/LinkedList$Node done
Event: 74.871 loading class java/lang/Throwable$WrappedPrintStream
Event: 74.871 loading class java/lang/Throwable$PrintStreamOrWriter
Event: 74.872 loading class java/lang/Throwable$PrintStreamOrWriter done
Event: 74.872 loading class java/lang/Throwable$WrappedPrintStream done
Event: 74.873 loading class java/util/IdentityHashMap
Event: 74.874 loading class java/util/IdentityHashMap done
Event: 74.874 loading class java/util/IdentityHashMap$KeySet
Event: 74.874 loading class java/util/IdentityHashMap$KeySet done
Event: 74.875 Thread 0x000001830fb82800 Thread exited: 0x000001830fb82800


Dynamic libraries:
0x00007ff6ca070000 - 0x00007ff6ca0b7000 	C:\Program Files\Java\jdk1.8.0_291\bin\javaw.exe
0x00007ffa21a30000 - 0x00007ffa21c25000 	C:\WINDOWS\SYSTEM32\ntdll.dll
0x00007ffa1fcd0000 - 0x00007ffa1fd8e000 	C:\WINDOWS\System32\KERNEL32.DLL
0x00007ffa1f1b0000 - 0x00007ffa1f478000 	C:\WINDOWS\System32\KERNELBASE.dll
0x00007ffa1fae0000 - 0x00007ffa1fb8c000 	C:\WINDOWS\System32\ADVAPI32.dll
0x00007ffa205f0000 - 0x00007ffa2068e000 	C:\WINDOWS\System32\msvcrt.dll
0x00007ffa210d0000 - 0x00007ffa2116b000 	C:\WINDOWS\System32\sechost.dll
0x00007ffa218c0000 - 0x00007ffa219ea000 	C:\WINDOWS\System32\RPCRT4.dll
0x00007ffa1fed0000 - 0x00007ffa20071000 	C:\WINDOWS\System32\USER32.dll
0x00007ffa1f790000 - 0x00007ffa1f7b2000 	C:\WINDOWS\System32\win32u.dll
0x00007ffa20530000 - 0x00007ffa2055b000 	C:\WINDOWS\System32\GDI32.dll
0x00007ffa1f480000 - 0x00007ffa1f58b000 	C:\WINDOWS\System32\gdi32full.dll
0x00007ffa1f6f0000 - 0x00007ffa1f78d000 	C:\WINDOWS\System32\msvcp_win.dll
0x00007ffa1f5f0000 - 0x00007ffa1f6f0000 	C:\WINDOWS\System32\ucrtbase.dll
0x00007ffa0e8f0000 - 0x00007ffa0eb8a000 	C:\WINDOWS\WinSxS\amd64_microsoft.windows.common-controls_6595b64144ccf1df_6.0.19041.1110_none_60b5254171f9507e\COMCTL32.dll
0x00007ffa20350000 - 0x00007ffa20380000 	C:\WINDOWS\System32\IMM32.DLL
0x00007ffa06260000 - 0x00007ffa06275000 	C:\Program Files\Java\jdk1.8.0_291\jre\bin\vcruntime140.dll
0x00007ff9e9660000 - 0x00007ff9e96fb000 	C:\Program Files\Java\jdk1.8.0_291\jre\bin\msvcp140.dll
0x000000005a960000 - 0x000000005b1c0000 	C:\Program Files\Java\jdk1.8.0_291\jre\bin\server\jvm.dll
0x00007ffa20a50000 - 0x00007ffa20a58000 	C:\WINDOWS\System32\PSAPI.DLL
0x00007ffa14250000 - 0x00007ffa14277000 	C:\WINDOWS\SYSTEM32\WINMM.dll
0x00007ffa19900000 - 0x00007ffa19909000 	C:\WINDOWS\SYSTEM32\WSOCK32.dll
0x00007ffa140d0000 - 0x00007ffa140da000 	C:\WINDOWS\SYSTEM32\VERSION.dll
0x00007ffa1fe60000 - 0x00007ffa1fecb000 	C:\WINDOWS\System32\WS2_32.dll
0x00007ffa1da30000 - 0x00007ffa1da42000 	C:\WINDOWS\SYSTEM32\kernel.appcore.dll
0x00007ffa0f610000 - 0x00007ffa0f620000 	C:\Program Files\Java\jdk1.8.0_291\jre\bin\verify.dll
0x00007ffa04ad0000 - 0x00007ffa04afb000 	C:\Program Files\Java\jdk1.8.0_291\jre\bin\java.dll
0x00007ffa04c50000 - 0x00007ffa04c68000 	C:\Program Files\Java\jdk1.8.0_291\jre\bin\zip.dll
0x00007ffa21170000 - 0x00007ffa218af000 	C:\WINDOWS\System32\SHELL32.dll
0x00007ffa1d290000 - 0x00007ffa1da20000 	C:\WINDOWS\SYSTEM32\windows.storage.dll
0x00007ffa20690000 - 0x00007ffa209e5000 	C:\WINDOWS\System32\combase.dll
0x00007ffa1ec00000 - 0x00007ffa1ec2e000 	C:\WINDOWS\SYSTEM32\Wldp.dll
0x00007ffa20ac0000 - 0x00007ffa20b6d000 	C:\WINDOWS\System32\SHCORE.dll
0x00007ffa209f0000 - 0x00007ffa20a45000 	C:\WINDOWS\System32\shlwapi.dll
0x00007ffa1f0f0000 - 0x00007ffa1f10f000 	C:\WINDOWS\SYSTEM32\profapi.dll
0x000000006af40000 - 0x000000006af9f000 	C:\Users\User\git\arduino\arduino\lib\rxtxSerial.dll
0x00007ffa04630000 - 0x00007ffa0464c000 	C:\Program Files\Java\jdk1.8.0_291\jre\bin\net.dll
0x00007ffa1e960000 - 0x00007ffa1e9ca000 	C:\WINDOWS\system32\mswsock.dll
0x00007ffa1e640000 - 0x00007ffa1e70b000 	C:\WINDOWS\SYSTEM32\DNSAPI.dll
0x00007ffa1e600000 - 0x00007ffa1e63b000 	C:\WINDOWS\SYSTEM32\IPHLPAPI.DLL
0x00007ffa218b0000 - 0x00007ffa218b8000 	C:\WINDOWS\System32\NSI.dll
0x00007ffa17150000 - 0x00007ffa1715a000 	C:\Windows\System32\rasadhlp.dll
0x00007ffa0eba0000 - 0x00007ffa0ec1f000 	C:\WINDOWS\System32\fwpuclnt.dll
0x00007ffa1f7c0000 - 0x00007ffa1f7e7000 	C:\WINDOWS\System32\bcrypt.dll
0x00007ffa1ce60000 - 0x00007ffa1d044000 	C:\WINDOWS\SYSTEM32\dbghelp.dll
0x00007ffa1f8a0000 - 0x00007ffa1f923000 	C:\WINDOWS\System32\bcryptPrimitives.dll

VM Arguments:
jvm_args: -Djava.library.path=C:\Users\User\git\arduino\arduino\lib -Dfile.encoding=UTF-8 
java_command: spring.arduino.com.serial.Main
java_class_path (initial): C:\Users\User\git\arduino\arduino\target\classes;C:\Users\User\Desktop\eclipse\apache-tomcat-9.0.45\lib\annotations-api.jar;C:\Users\User\Desktop\eclipse\apache-tomcat-9.0.45\lib\catalina-ant.jar;C:\Users\User\Desktop\eclipse\apache-tomcat-9.0.45\lib\catalina-ha.jar;C:\Users\User\Desktop\eclipse\apache-tomcat-9.0.45\lib\catalina-ssi.jar;C:\Users\User\Desktop\eclipse\apache-tomcat-9.0.45\lib\catalina-storeconfig.jar;C:\Users\User\Desktop\eclipse\apache-tomcat-9.0.45\lib\catalina-tribes.jar;C:\Users\User\Desktop\eclipse\apache-tomcat-9.0.45\lib\catalina.jar;C:\Users\User\Desktop\eclipse\apache-tomcat-9.0.45\lib\ecj-4.18.jar;C:\Users\User\Desktop\eclipse\apache-tomcat-9.0.45\lib\el-api.jar;C:\Users\User\Desktop\eclipse\apache-tomcat-9.0.45\lib\jasper-el.jar;C:\Users\User\Desktop\eclipse\apache-tomcat-9.0.45\lib\jasper.jar;C:\Users\User\Desktop\eclipse\apache-tomcat-9.0.45\lib\jaspic-api.jar;C:\Users\User\Desktop\eclipse\apache-tomcat-9.0.45\lib\jsp-api.jar;C:\Users\User\Desktop\eclipse\apache-tomcat-9.0.45\lib\servlet-api.jar;C:\Users\User\Desktop\eclipse\apache-tomcat-9.0.45\lib\tomcat-api.jar;C:\Users\User\Desktop\eclipse\apache-tomcat-9.0.45\lib\tomcat-coyote.jar;C:\Users\User\Desktop\eclipse\apache-tomcat-9.0.45\lib\tomcat-dbcp.jar;C:\Users\User\Desktop\eclipse\apache-tomcat-9.0.45\lib\tomcat-i18n-cs.jar;C:\Users\User\Desktop\eclipse\apache-tomcat-9.0.45\lib\tomcat-i18n-de.jar;C:\Users\User\Desktop\eclipse\apache-tomcat-9.0.45\lib\tomcat-i18n-es.jar;C:\Users\User\Desktop\eclipse\apache-tomcat-9.0.45\lib\tomcat-i18n-fr.jar;C:\Users\User\Desktop\eclipse\apache-tomcat-9.0.45\lib\tomcat-i18n-ja.jar;C:\Users\User\Desktop\eclipse\apache-tomcat-9.0.45\lib\tomcat-i18n-ko.jar;C:\Users\User\Desktop\eclipse\apache-tomcat-9.0.45\lib\tomcat-i18n-pt-BR.jar;C:\Users\User\Desktop\eclipse\apache-tomcat-9.0.45\lib\tomcat-i18n-ru.jar;C:\Users\User\Desktop\eclipse\apache-tomcat-9.0.45\lib\tomcat-i18n-zh-CN.jar;C:\Users\User\Desktop\eclipse\apache-tomcat-9.
Launcher Type: SUN_STANDARD

Environment Variables:
JAVA_HOME=C:\Program Files\Java\jdk1.8.0_291\bin
PATH=C:/Users/User/.p2/pool/plugins/org.eclipse.justj.openjdk.hotspot.jre.full.win32.x86_64_15.0.2.v20210201-0955/jre/bin/server;C:/Users/User/.p2/pool/plugins/org.eclipse.justj.openjdk.hotspot.jre.full.win32.x86_64_15.0.2.v20210201-0955/jre/bin;C:\Program Files\dotnet\anaconda3;C:\Program Files\dotnet\anaconda3\Library\mingw-w64\bin;C:\Program Files\dotnet\anaconda3\Library\usr\bin;C:\Program Files\dotnet\anaconda3\Library\bin;C:\Program Files\dotnet\anaconda3\Scripts;C:\ProgramData\Anaconda3;C:\ProgramData\Anaconda3\Library\mingw-w64\bin;C:\ProgramData\Anaconda3\Library\usr\bin;C:\ProgramData\Anaconda3\Library\bin;C:\ProgramData\Anaconda3\Scripts;C:\Program Files (x86)\Common Files\Oracle\Java\javapath;C:\WINDOWS\system32;C:\WINDOWS;C:\WINDOWS\System32\Wbem;C:\WINDOWS\System32\WindowsPowerShell\v1.0\;C:\WINDOWS\System32\OpenSSH\;C:\Program Files (x86)\PuTTY\;C:\Users\User\Desktop\eclipse\apache-tomcat-9.0.45\bin;C:\Program Files\MariaDB 10.5\bin;C:\Program Files\dotnet\;C:\Program Files\PuTTY\;C:\Program Files\Java\jdk1.8.0_291\bin;C:\Users\User\AppData\Local\Microsoft\WindowsApps;C:\Program Files\Bandizip\;C:\Users\User\.dotnet\tools;C:\Users\User\AppData\Local\Programs\Microsoft VS Code\bin;C:\ProgramData\User\atom\bin;C:\Users\User\AppData\Local\atom\bin;C:\Users\User\Desktop\eclipse;
USERNAME=User
OS=Windows_NT
PROCESSOR_IDENTIFIER=AMD64 Family 23 Model 96 Stepping 1, AuthenticAMD



---------------  S Y S T E M  ---------------

OS: Windows 10.0 , 64 bit Build 19041 (10.0.19041.1348)

CPU:total 8 (initial active 8) (8 cores per cpu, 1 threads per core) family 23 model 96 stepping 1, cmov, cx8, fxsr, mmx, sse, sse2, sse3, ssse3, sse4.1, sse4.2, popcnt, avx, avx2, aes, clmul, mmxext, 3dnowpref, lzcnt, sse4a, tsc, tscinvbit, tscinv, bmi1

Memory: 4k page, physical 6157632k(836736k free), swap 15348452k(2757024k free)

vm_info: Java HotSpot(TM) 64-Bit Server VM (25.291-b10) for windows-amd64 JRE (1.8.0_291-b10), built on Apr  9 2021 00:02:00 by "java_re" with MS VC++ 15.9 (VS2017)

time: Wed Apr 27 15:42:56 2022
timezone: 대한민국 표준시
elapsed time: 75.442594 seconds (0d 0h 1m 15s)

