#
# A fatal error has been detected by the Java Runtime Environment:
#
#  EXCEPTION_ACCESS_VIOLATION (0xc0000005) at pc=0x000000006af44c2c, pid=15260, tid=0x00000000000024a0
#
# JRE version: Java(TM) SE Runtime Environment (8.0_291-b10) (build 1.8.0_291-b10)
# Java VM: Java HotSpot(TM) 64-Bit Server VM (25.291-b10 mixed mode windows-amd64 compressed oops)
# Problematic frame:
# C  [rxtxSerial.dll+0x4c2c]
#
# Failed to write core dump. Minidumps are not enabled by default on client versions of Windows
#
# If you would like to submit a bug report, please visit:
#   http://bugreport.java.com/bugreport/crash.jsp
# The crash happened outside the Java Virtual Machine in native code.
# See problematic frame for where to report the bug.
#

---------------  T H R E A D  ---------------

Current thread (0x0000028179f5f000):  JavaThread "Thread-1" [_thread_in_native, id=9376, stack(0x000000d798e00000,0x000000d798f00000)]

siginfo: ExceptionCode=0xc0000005, writing address 0x000000d798dfec98

Registers:
RAX=0x000000d798dfec90, RBX=0x0000000000000000, RCX=0x0000000000000000, RDX=0x0000000000000000
RSP=0x000000d798efef40, RBP=0x0000028179bfe390, RSI=0x0000000000000001, RDI=0x0000000000000000
R8 =0x000000d798efee98, R9 =0x0000028179bfe390, R10=0x0000000000000000, R11=0x0000000000000246
R12=0x0000000000000000, R13=0x0000000000000001, R14=0x0000000000000001, R15=0x0000028179f5f000
RIP=0x000000006af44c2c, EFLAGS=0x0000000000010246

Top of Stack: (sp=0x000000d798efef40)
0x000000d798efef40:   0000000000000400 0000028100000000
0x000000d798efef50:   0000000000000000 0000000000000000
0x000000d798efef60:   000000d798dfec90 0000000000000000
0x000000d798efef70:   0000000000000000 0000000000000000
0x000000d798efef80:   0000028179bfe390 0000000000000001
0x000000d798efef90:   ffffffffffffffff 0000028179f5f200
0x000000d798efefa0:   000000d798eff060 0000000000000001
0x000000d798efefb0:   0000028179f5f000 000000006af459cd
0x000000d798efefc0:   0000028179f5f200 000000d798eff038
0x000000d798efefd0:   0000000000000001 0000028179f5f200
0x000000d798efefe0:   000000d700000001 00000000ffffffff
0x000000d798efeff0:   00000000e0dc1e90 0000000000000001
0x000000d798eff000:   0000000000000001 000000d798eff090
0x000000d798eff010:   0000000000000000 000000d798eff1e0
0x000000d798eff020:   0000000000000000 0000028164a766b1
0x000000d798eff030:   00000000e0b65ed8 000000d798eff058 

Instructions: (pc=0x000000006af44c2c)
0x000000006af44c0c:   00 00 00 75 d7 b9 e8 03 00 00 e8 45 1e 00 00 eb
0x000000006af44c1c:   d0 0f 1f 00 45 31 e4 48 8b 44 24 20 8b 7c 24 2c
0x000000006af44c2c:   89 78 08 44 89 e0 48 83 c4 38 5b 5e 5f 5d 41 5c
0x000000006af44c3c:   41 5d 41 5e 41 5f c3 0f 1f 44 00 00 4c 8b 3d 1d 


Register to memory mapping:

RAX=0x000000d798dfec90 is an unknown value
RBX=0x0000000000000000 is an unknown value
RCX=0x0000000000000000 is an unknown value
RDX=0x0000000000000000 is an unknown value
RSP=0x000000d798efef40 is pointing into the stack for thread: 0x0000028179f5f000
RBP=0x0000028179bfe390 is an unknown value
RSI=0x0000000000000001 is an unknown value
RDI=0x0000000000000000 is an unknown value
R8 =0x000000d798efee98 is pointing into the stack for thread: 0x0000028179f5f000
R9 =0x0000028179bfe390 is an unknown value
R10=0x0000000000000000 is an unknown value
R11=0x0000000000000246 is an unknown value
R12=0x0000000000000000 is an unknown value
R13=0x0000000000000001 is an unknown value
R14=0x0000000000000001 is an unknown value
R15=0x0000028179f5f000 is a thread


Stack: [0x000000d798e00000,0x000000d798f00000],  sp=0x000000d798efef40,  free space=1019k
Native frames: (J=compiled Java code, j=interpreted, Vv=VM code, C=native code)
C  [rxtxSerial.dll+0x4c2c]
C  [rxtxSerial.dll+0x59cd]
C  0x0000028164a766b1

Java frames: (J=compiled Java code, j=interpreted, Vv=VM code)
J 349  gnu.io.RXTXPort.readArray([BII)I (0 bytes) @ 0x0000028164a76614 [0x0000028164a765c0+0x54]
J 348 C1 gnu.io.RXTXPort$SerialInputStream.read([BII)I (230 bytes) @ 0x0000028164a77dcc [0x0000028164a77660+0x76c]
J 347 C1 gnu.io.RXTXPort$SerialInputStream.read([B)I (77 bytes) @ 0x0000028164a76db4 [0x0000028164a76a00+0x3b4]
j  spring.arduino.com.serial.SerialRead.run()V+154
j  java.lang.Thread.run()V+11
v  ~StubRoutines::call_stub

---------------  P R O C E S S  ---------------

Java Threads: ( => current thread )
  0x0000028162e7b800 JavaThread "DestroyJavaVM" [_thread_blocked, id=10936, stack(0x000000d797900000,0x000000d797a00000)]
=>0x0000028179f5f000 JavaThread "Thread-1" [_thread_in_native, id=9376, stack(0x000000d798e00000,0x000000d798f00000)]
  0x0000028179c6e800 JavaThread "Service Thread" daemon [_thread_blocked, id=12816, stack(0x000000d798b00000,0x000000d798c00000)]
  0x0000028179be5800 JavaThread "C1 CompilerThread3" daemon [_thread_blocked, id=13036, stack(0x000000d798a00000,0x000000d798b00000)]
  0x0000028179be1000 JavaThread "C2 CompilerThread2" daemon [_thread_blocked, id=15312, stack(0x000000d798900000,0x000000d798a00000)]
  0x0000028177e59000 JavaThread "C2 CompilerThread1" daemon [_thread_blocked, id=4120, stack(0x000000d798800000,0x000000d798900000)]
  0x0000028177e54000 JavaThread "C2 CompilerThread0" daemon [_thread_blocked, id=14572, stack(0x000000d798700000,0x000000d798800000)]
  0x0000028177e53800 JavaThread "Attach Listener" daemon [_thread_blocked, id=15000, stack(0x000000d798600000,0x000000d798700000)]
  0x0000028177dff000 JavaThread "Signal Dispatcher" daemon [_thread_blocked, id=7812, stack(0x000000d798500000,0x000000d798600000)]
  0x0000028177dc7800 JavaThread "Finalizer" daemon [_thread_blocked, id=9020, stack(0x000000d798400000,0x000000d798500000)]
  0x0000028177dc0000 JavaThread "Reference Handler" daemon [_thread_blocked, id=7224, stack(0x000000d798300000,0x000000d798400000)]

Other Threads:
  0x0000028177d95800 VMThread [stack: 0x000000d798200000,0x000000d798300000] [id=8280]
  0x0000028179cc2800 WatcherThread [stack: 0x000000d798c00000,0x000000d798d00000] [id=5156]

VM state:not at safepoint (normal execution)

VM Mutex/Monitor currently owned by a thread: None

heap address: 0x00000000a2000000, size: 1504 MB, Compressed Oops mode: 32-bit
Narrow klass base: 0x0000000000000000, Narrow klass shift: 3
Compressed class space size: 1073741824 Address: 0x0000000100000000

Heap:
 PSYoungGen      total 28160K, used 15554K [0x00000000e0b00000, 0x00000000e2a00000, 0x0000000100000000)
  eden space 24576K, 63% used [0x00000000e0b00000,0x00000000e1a30bc0,0x00000000e2300000)
  from space 3584K, 0% used [0x00000000e2680000,0x00000000e2680000,0x00000000e2a00000)
  to   space 3584K, 0% used [0x00000000e2300000,0x00000000e2300000,0x00000000e2680000)
 ParOldGen       total 64512K, used 0K [0x00000000a2000000, 0x00000000a5f00000, 0x00000000e0b00000)
  object space 64512K, 0% used [0x00000000a2000000,0x00000000a2000000,0x00000000a5f00000)
 Metaspace       used 5015K, capacity 5188K, committed 5248K, reserved 1056768K
  class space    used 531K, capacity 600K, committed 640K, reserved 1048576K

Card table byte_map: [0x0000028173c70000,0x0000028173f70000] byte_map_base: 0x0000028173760000

Marking Bits: (ParMarkBitMap*) 0x0000000050bd7fe0
 Begin Bits: [0x0000028174170000, 0x00000281758f0000)
 End Bits:   [0x00000281758f0000, 0x0000028177070000)

Polling page: 0x00000281630b0000

CodeCache: size=245760Kb used=2312Kb max_used=2327Kb free=243448Kb
 bounds [0x00000281648b0000, 0x0000028164b20000, 0x00000281738b0000]
 total_blobs=789 nmethods=507 adapters=196
 compilation: enabled

Compilation events (10 events):
Event: 834.019 Thread 0x0000028179be1000 nmethod 503 0x0000028164af5450 code [0x0000028164af5620, 0x0000028164af69c8]
Event: 834.019 Thread 0x0000028177e59000 nmethod 502 0x0000028164af0150 code [0x0000028164af0320, 0x0000028164af16b0]
Event: 1066.068 Thread 0x0000028179be5800  504       3       java.util.Arrays::copyOf (13 bytes)
Event: 1066.069 Thread 0x0000028179be5800 nmethod 504 0x0000028164af5010 code [0x0000028164af5180, 0x0000028164af5390]
Event: 1098.059 Thread 0x0000028179be5800  505       3       java.lang.System::getProperty (25 bytes)
Event: 1098.060 Thread 0x0000028179be5800 nmethod 505 0x0000028164af4590 code [0x0000028164af4760, 0x0000028164af4d70]
Event: 1159.655 Thread 0x0000028177e59000  506       4       sun.net.www.ParseUtil::match (50 bytes)
Event: 1159.656 Thread 0x0000028179be1000  507       4       java.net.URI$Parser::scan (50 bytes)
Event: 1159.656 Thread 0x0000028177e59000 nmethod 506 0x0000028164af2dd0 code [0x0000028164af2f00, 0x0000028164af2fd8]
Event: 1159.668 Thread 0x0000028179be1000 nmethod 507 0x0000028164aedc50 code [0x0000028164aedda0, 0x0000028164aee2d8]

GC Heap History (0 events):
No events

Deoptimization events (1 events):
Event: 0.224 Thread 0x0000028162e7b800 Uncommon trap: reason=unstable_if action=reinterpret pc=0x00000281649b69a0 method=java.lang.String.hashCode()I @ 14

Classes redefined (0 events):
No events

Internal exceptions (7 events):
Event: 0.038 Thread 0x0000028162e7b800 Exception <a 'java/lang/NoSuchMethodError': Method sun.misc.Unsafe.defineClass(Ljava/lang/String;[BII)Ljava/lang/Class; name or signature does not match> (0x00000000e0b07cc0) thrown at [C:\jenkins\workspace\8-2-build-windows-amd64-cygwin\jdk8u291\1294\hot
Event: 0.038 Thread 0x0000028162e7b800 Exception <a 'java/lang/NoSuchMethodError': Method sun.misc.Unsafe.prefetchRead(Ljava/lang/Object;J)V name or signature does not match> (0x00000000e0b07fa8) thrown at [C:\jenkins\workspace\8-2-build-windows-amd64-cygwin\jdk8u291\1294\hotspot\src\share\vm\
Event: 0.269 Thread 0x0000028162e7b800 Exception <a 'java/io/FileNotFoundException'> (0x00000000e0d81180) thrown at [C:\jenkins\workspace\8-2-build-windows-amd64-cygwin\jdk8u291\1294\hotspot\src\share\vm\prims\jni.cpp, line 710]
Event: 0.272 Thread 0x0000028162e7b800 Exception <a 'java/io/FileNotFoundException'> (0x00000000e0d9a8a8) thrown at [C:\jenkins\workspace\8-2-build-windows-amd64-cygwin\jdk8u291\1294\hotspot\src\share\vm\prims\jni.cpp, line 710]
Event: 57.571 Thread 0x0000028179f5f000 Exception <a 'java/lang/NoSuchFieldError': method resolution failed> (0x00000000e0fdc7d0) thrown at [C:\jenkins\workspace\8-2-build-windows-amd64-cygwin\jdk8u291\1294\hotspot\src\share\vm\prims\methodHandles.cpp, line 1169]
Event: 57.573 Thread 0x0000028179f5f000 Exception <a 'java/lang/NoSuchFieldError': method resolution failed> (0x00000000e0fe9ba0) thrown at [C:\jenkins\workspace\8-2-build-windows-amd64-cygwin\jdk8u291\1294\hotspot\src\share\vm\prims\methodHandles.cpp, line 1169]
Event: 1288.343 Thread 0x0000028179e32800 Exception <a 'java/io/IOException': No error in nativeavailable> (0x00000000e0dffb78) thrown at [C:\jenkins\workspace\8-2-build-windows-amd64-cygwin\jdk8u291\1294\hotspot\src\share\vm\prims\jni.cpp, line 737]

Events (10 events):
Event: 90.020 loading class java/util/LinkedList$Node done
Event: 1288.344 loading class java/lang/Throwable$WrappedPrintStream
Event: 1288.344 loading class java/lang/Throwable$PrintStreamOrWriter
Event: 1288.345 loading class java/lang/Throwable$PrintStreamOrWriter done
Event: 1288.345 loading class java/lang/Throwable$WrappedPrintStream done
Event: 1288.345 loading class java/util/IdentityHashMap
Event: 1288.346 loading class java/util/IdentityHashMap done
Event: 1288.346 loading class java/util/IdentityHashMap$KeySet
Event: 1288.346 loading class java/util/IdentityHashMap$KeySet done
Event: 1288.347 Thread 0x0000028179e32800 Thread exited: 0x0000028179e32800


Dynamic libraries:
0x00007ff7ecfa0000 - 0x00007ff7ecfe7000 	C:\Program Files\Java\jdk1.8.0_291\bin\javaw.exe
0x00007ffa927f0000 - 0x00007ffa929e5000 	C:\WINDOWS\SYSTEM32\ntdll.dll
0x00007ffa90a80000 - 0x00007ffa90b3d000 	C:\WINDOWS\System32\KERNEL32.DLL
0x00007ffa900f0000 - 0x00007ffa903bd000 	C:\WINDOWS\System32\KERNELBASE.dll
0x00007ffa91890000 - 0x00007ffa9193e000 	C:\WINDOWS\System32\ADVAPI32.dll
0x00007ffa91f20000 - 0x00007ffa91fbe000 	C:\WINDOWS\System32\msvcrt.dll
0x00007ffa91fc0000 - 0x00007ffa9205c000 	C:\WINDOWS\System32\sechost.dll
0x00007ffa911a0000 - 0x00007ffa912c5000 	C:\WINDOWS\System32\RPCRT4.dll
0x00007ffa91400000 - 0x00007ffa915a0000 	C:\WINDOWS\System32\USER32.dll
0x00007ffa90540000 - 0x00007ffa90562000 	C:\WINDOWS\System32\win32u.dll
0x00007ffa909a0000 - 0x00007ffa909ca000 	C:\WINDOWS\System32\GDI32.dll
0x00007ffa90430000 - 0x00007ffa9053b000 	C:\WINDOWS\System32\gdi32full.dll
0x00007ffa905a0000 - 0x00007ffa9063d000 	C:\WINDOWS\System32\msvcp_win.dll
0x00007ffa90640000 - 0x00007ffa90740000 	C:\WINDOWS\System32\ucrtbase.dll
0x00007ffa7f940000 - 0x00007ffa7fbda000 	C:\WINDOWS\WinSxS\amd64_microsoft.windows.common-controls_6595b64144ccf1df_6.0.19041.1110_none_60b5254171f9507e\COMCTL32.dll
0x00007ffa91360000 - 0x00007ffa91390000 	C:\WINDOWS\System32\IMM32.DLL
0x00007ffa88eb0000 - 0x00007ffa88ec5000 	C:\Program Files\Java\jdk1.8.0_291\jre\bin\vcruntime140.dll
0x00007ffa70a90000 - 0x00007ffa70b2b000 	C:\Program Files\Java\jdk1.8.0_291\jre\bin\msvcp140.dll
0x00000000503f0000 - 0x0000000050c50000 	C:\Program Files\Java\jdk1.8.0_291\jre\bin\server\jvm.dll
0x00007ffa915a0000 - 0x00007ffa915a8000 	C:\WINDOWS\System32\PSAPI.DLL
0x00007ffa86f20000 - 0x00007ffa86f2a000 	C:\WINDOWS\SYSTEM32\VERSION.dll
0x00007ffa85060000 - 0x00007ffa85087000 	C:\WINDOWS\SYSTEM32\WINMM.dll
0x00007ffa8bb00000 - 0x00007ffa8bb09000 	C:\WINDOWS\SYSTEM32\WSOCK32.dll
0x00007ffa91ea0000 - 0x00007ffa91f0b000 	C:\WINDOWS\System32\WS2_32.dll
0x00007ffa8e790000 - 0x00007ffa8e7a2000 	C:\WINDOWS\SYSTEM32\kernel.appcore.dll
0x00007ffa8bb20000 - 0x00007ffa8bb30000 	C:\Program Files\Java\jdk1.8.0_291\jre\bin\verify.dll
0x00007ffa7a160000 - 0x00007ffa7a18b000 	C:\Program Files\Java\jdk1.8.0_291\jre\bin\java.dll
0x00007ffa7a320000 - 0x00007ffa7a338000 	C:\Program Files\Java\jdk1.8.0_291\jre\bin\zip.dll
0x00007ffa92060000 - 0x00007ffa927a4000 	C:\WINDOWS\System32\SHELL32.dll
0x00007ffa8ddb0000 - 0x00007ffa8e544000 	C:\WINDOWS\SYSTEM32\windows.storage.dll
0x00007ffa90e40000 - 0x00007ffa91194000 	C:\WINDOWS\System32\combase.dll
0x00007ffa8f960000 - 0x00007ffa8f98c000 	C:\WINDOWS\SYSTEM32\Wldp.dll
0x00007ffa90b40000 - 0x00007ffa90bed000 	C:\WINDOWS\System32\SHCORE.dll
0x00007ffa90860000 - 0x00007ffa908b5000 	C:\WINDOWS\System32\shlwapi.dll
0x00007ffa8fe40000 - 0x00007ffa8fe5f000 	C:\WINDOWS\SYSTEM32\profapi.dll
0x000000006af40000 - 0x000000006af9f000 	C:\Users\User\git\arduino\arduino\lib\rxtxSerial.dll
0x00007ffa74c70000 - 0x00007ffa74c8c000 	C:\Program Files\Java\jdk1.8.0_291\jre\bin\net.dll
0x00007ffa8f6c0000 - 0x00007ffa8f72a000 	C:\WINDOWS\system32\mswsock.dll
0x00007ffa8f3a0000 - 0x00007ffa8f46b000 	C:\WINDOWS\SYSTEM32\DNSAPI.dll
0x00007ffa8f360000 - 0x00007ffa8f39b000 	C:\WINDOWS\SYSTEM32\IPHLPAPI.DLL
0x00007ffa91f10000 - 0x00007ffa91f18000 	C:\WINDOWS\System32\NSI.dll
0x00007ffa88060000 - 0x00007ffa8806a000 	C:\Windows\System32\rasadhlp.dll
0x00007ffa7fbe0000 - 0x00007ffa7fc60000 	C:\WINDOWS\System32\fwpuclnt.dll
0x00007ffa90570000 - 0x00007ffa90597000 	C:\WINDOWS\System32\bcrypt.dll
0x00007ffa8dbb0000 - 0x00007ffa8dd94000 	C:\WINDOWS\SYSTEM32\dbghelp.dll
0x00007ffa8ff00000 - 0x00007ffa8ff82000 	C:\WINDOWS\System32\bcryptPrimitives.dll

VM Arguments:
jvm_args: -Djava.library.path=C:\Users\User\git\arduino\arduino\lib -Dfile.encoding=UTF-8 
java_command: spring.arduino.com.serial.Main
java_class_path (initial): C:\Users\User\git\arduino\arduino\target\classes;C:\Users\User\Desktop\eclipse\apache-tomcat-9.0.45\lib\annotations-api.jar;C:\Users\User\Desktop\eclipse\apache-tomcat-9.0.45\lib\catalina-ant.jar;C:\Users\User\Desktop\eclipse\apache-tomcat-9.0.45\lib\catalina-ha.jar;C:\Users\User\Desktop\eclipse\apache-tomcat-9.0.45\lib\catalina-ssi.jar;C:\Users\User\Desktop\eclipse\apache-tomcat-9.0.45\lib\catalina-storeconfig.jar;C:\Users\User\Desktop\eclipse\apache-tomcat-9.0.45\lib\catalina-tribes.jar;C:\Users\User\Desktop\eclipse\apache-tomcat-9.0.45\lib\catalina.jar;C:\Users\User\Desktop\eclipse\apache-tomcat-9.0.45\lib\ecj-4.18.jar;C:\Users\User\Desktop\eclipse\apache-tomcat-9.0.45\lib\el-api.jar;C:\Users\User\Desktop\eclipse\apache-tomcat-9.0.45\lib\jasper-el.jar;C:\Users\User\Desktop\eclipse\apache-tomcat-9.0.45\lib\jasper.jar;C:\Users\User\Desktop\eclipse\apache-tomcat-9.0.45\lib\jaspic-api.jar;C:\Users\User\Desktop\eclipse\apache-tomcat-9.0.45\lib\jsp-api.jar;C:\Users\User\Desktop\eclipse\apache-tomcat-9.0.45\lib\servlet-api.jar;C:\Users\User\Desktop\eclipse\apache-tomcat-9.0.45\lib\tomcat-api.jar;C:\Users\User\Desktop\eclipse\apache-tomcat-9.0.45\lib\tomcat-coyote.jar;C:\Users\User\Desktop\eclipse\apache-tomcat-9.0.45\lib\tomcat-dbcp.jar;C:\Users\User\Desktop\eclipse\apache-tomcat-9.0.45\lib\tomcat-i18n-cs.jar;C:\Users\User\Desktop\eclipse\apache-tomcat-9.0.45\lib\tomcat-i18n-de.jar;C:\Users\User\Desktop\eclipse\apache-tomcat-9.0.45\lib\tomcat-i18n-es.jar;C:\Users\User\Desktop\eclipse\apache-tomcat-9.0.45\lib\tomcat-i18n-fr.jar;C:\Users\User\Desktop\eclipse\apache-tomcat-9.0.45\lib\tomcat-i18n-ja.jar;C:\Users\User\Desktop\eclipse\apache-tomcat-9.0.45\lib\tomcat-i18n-ko.jar;C:\Users\User\Desktop\eclipse\apache-tomcat-9.0.45\lib\tomcat-i18n-pt-BR.jar;C:\Users\User\Desktop\eclipse\apache-tomcat-9.0.45\lib\tomcat-i18n-ru.jar;C:\Users\User\Desktop\eclipse\apache-tomcat-9.0.45\lib\tomcat-i18n-zh-CN.jar;C:\Users\User\Desktop\eclipse\apache-tomcat-9.
Launcher Type: SUN_STANDARD

Environment Variables:
JAVA_HOME=C:\Program Files\Java\jdk1.8.0_291\bin
PATH=C:/Users/User/.p2/pool/plugins/org.eclipse.justj.openjdk.hotspot.jre.full.win32.x86_64_15.0.2.v20210201-0955/jre/bin/server;C:/Users/User/.p2/pool/plugins/org.eclipse.justj.openjdk.hotspot.jre.full.win32.x86_64_15.0.2.v20210201-0955/jre/bin;C:\Program Files\dotnet\anaconda3;C:\Program Files\dotnet\anaconda3\Library\mingw-w64\bin;C:\Program Files\dotnet\anaconda3\Library\usr\bin;C:\Program Files\dotnet\anaconda3\Library\bin;C:\Program Files\dotnet\anaconda3\Scripts;C:\ProgramData\Anaconda3;C:\ProgramData\Anaconda3\Library\mingw-w64\bin;C:\ProgramData\Anaconda3\Library\usr\bin;C:\ProgramData\Anaconda3\Library\bin;C:\ProgramData\Anaconda3\Scripts;C:\Program Files (x86)\Common Files\Oracle\Java\javapath;C:\WINDOWS\system32;C:\WINDOWS;C:\WINDOWS\System32\Wbem;C:\WINDOWS\System32\WindowsPowerShell\v1.0\;C:\WINDOWS\System32\OpenSSH\;C:\Program Files (x86)\PuTTY\;C:\Users\User\Desktop\eclipse\apache-tomcat-9.0.45\bin;C:\Program Files\MariaDB 10.5\bin;C:\Program Files\dotnet\;C:\Program Files\PuTTY\;C:\Program Files\Java\jdk1.8.0_291\bin;C:\Users\User\AppData\Local\Microsoft\WindowsApps;C:\Program Files\Bandizip\;C:\Users\User\.dotnet\tools;C:\Users\User\AppData\Local\Programs\Microsoft VS Code\bin;C:\ProgramData\User\atom\bin;C:\Users\User\AppData\Local\atom\bin;%USERPROFILE%\AppData\Local\Microsoft\WindowsApps;;C:\Users\User\Desktop\eclipse;
USERNAME=User
OS=Windows_NT
PROCESSOR_IDENTIFIER=AMD64 Family 23 Model 96 Stepping 1, AuthenticAMD



---------------  S Y S T E M  ---------------

OS: Windows 10.0 , 64 bit Build 19041 (10.0.19041.1706)

CPU:total 8 (initial active 8) (8 cores per cpu, 1 threads per core) family 23 model 96 stepping 1, cmov, cx8, fxsr, mmx, sse, sse2, sse3, ssse3, sse4.1, sse4.2, popcnt, avx, avx2, aes, clmul, mmxext, 3dnowpref, lzcnt, sse4a, tsc, tscinvbit, tscinv, bmi1

Memory: 4k page, physical 6157632k(1050308k free), swap 12822448k(1914520k free)

vm_info: Java HotSpot(TM) 64-Bit Server VM (25.291-b10) for windows-amd64 JRE (1.8.0_291-b10), built on Apr  9 2021 00:02:00 by "java_re" with MS VC++ 15.9 (VS2017)

time: Mon May 30 16:31:48 2022
timezone: 대한민국 표준시
elapsed time: 1288.673804 seconds (0d 0h 21m 28s)

