#
# A fatal error has been detected by the Java Runtime Environment:
#
#  EXCEPTION_ACCESS_VIOLATION (0xc0000005) at pc=0x000000006af44c2c, pid=32092, tid=0x0000000000004370
#
# JRE version: Java(TM) SE Runtime Environment (8.0_291-b10) (build 1.8.0_291-b10)
# Java VM: Java HotSpot(TM) 64-Bit Server VM (25.291-b10 mixed mode windows-amd64 compressed oops)
# Problematic frame:
# C  [rxtxSerial.dll+0x4c2c]
#
# Failed to write core dump. Minidumps are not enabled by default on client versions of Windows
#
# If you would like to submit a bug report, please visit:
#   http://bugreport.java.com/bugreport/crash.jsp
# The crash happened outside the Java Virtual Machine in native code.
# See problematic frame for where to report the bug.
#

---------------  T H R E A D  ---------------

Current thread (0x000001d47d8e1800):  JavaThread "Thread-1" [_thread_in_native, id=17264, stack(0x0000003ca5f00000,0x0000003ca6000000)]

siginfo: ExceptionCode=0xc0000005, writing address 0x0000003ca5efed68

Registers:
RAX=0x0000003ca5efed60, RBX=0x0000000000000000, RCX=0x0000000000000000, RDX=0x0000000000000000
RSP=0x0000003ca5fff050, RBP=0x000001d47db94f10, RSI=0x0000000000000001, RDI=0x0000000000000000
R8 =0x0000003ca5ffefa8, R9 =0x000001d47db94f10, R10=0x0000000000000000, R11=0x0000000000000246
R12=0x0000000000000000, R13=0x0000000000000001, R14=0x0000000000000001, R15=0x000001d47d8e1800
RIP=0x000000006af44c2c, EFLAGS=0x0000000000010246

Top of Stack: (sp=0x0000003ca5fff050)
0x0000003ca5fff050:   0000000000000400 000001d400000000
0x0000003ca5fff060:   0000000000000000 0000000000000000
0x0000003ca5fff070:   0000003ca5efed60 0000000000000000
0x0000003ca5fff080:   0000000000000000 0000000000000000
0x0000003ca5fff090:   000001d47db94f10 0000000000000001
0x0000003ca5fff0a0:   ffffffffffffffff 000001d47d8e1a00
0x0000003ca5fff0b0:   0000003ca5fff170 0000000000000001
0x0000003ca5fff0c0:   000001d47d8e1800 000000006af459cd
0x0000003ca5fff0d0:   000001d47d8e1a00 0000003ca5fff148
0x0000003ca5fff0e0:   0000000000000001 000001d47d8e1a00
0x0000003ca5fff0f0:   0000003c00000001 00000000ffffffff
0x0000003ca5fff100:   00000000e0d8d728 0000000000000001
0x0000003ca5fff110:   0000000000000001 0000003ca5fff1a0
0x0000003ca5fff120:   0000000000000000 0000003ca5fff2f0
0x0000003ca5fff130:   0000000000000000 000001d4001c6331
0x0000003ca5fff140:   00000000e0b63a90 0000003ca5fff168 

Instructions: (pc=0x000000006af44c2c)
0x000000006af44c0c:   00 00 00 75 d7 b9 e8 03 00 00 e8 45 1e 00 00 eb
0x000000006af44c1c:   d0 0f 1f 00 45 31 e4 48 8b 44 24 20 8b 7c 24 2c
0x000000006af44c2c:   89 78 08 44 89 e0 48 83 c4 38 5b 5e 5f 5d 41 5c
0x000000006af44c3c:   41 5d 41 5e 41 5f c3 0f 1f 44 00 00 4c 8b 3d 1d 


Register to memory mapping:

RAX=0x0000003ca5efed60 is an unknown value
RBX=0x0000000000000000 is an unknown value
RCX=0x0000000000000000 is an unknown value
RDX=0x0000000000000000 is an unknown value
RSP=0x0000003ca5fff050 is pointing into the stack for thread: 0x000001d47d8e1800
RBP=0x000001d47db94f10 is an unknown value
RSI=0x0000000000000001 is an unknown value
RDI=0x0000000000000000 is an unknown value
R8 =0x0000003ca5ffefa8 is pointing into the stack for thread: 0x000001d47d8e1800
R9 =0x000001d47db94f10 is an unknown value
R10=0x0000000000000000 is an unknown value
R11=0x0000000000000246 is an unknown value
R12=0x0000000000000000 is an unknown value
R13=0x0000000000000001 is an unknown value
R14=0x0000000000000001 is an unknown value
R15=0x000001d47d8e1800 is a thread


Stack: [0x0000003ca5f00000,0x0000003ca6000000],  sp=0x0000003ca5fff050,  free space=1020k
Native frames: (J=compiled Java code, j=interpreted, Vv=VM code, C=native code)
C  [rxtxSerial.dll+0x4c2c]
C  [rxtxSerial.dll+0x59cd]
C  0x000001d4001c6331

Java frames: (J=compiled Java code, j=interpreted, Vv=VM code)
J 358  gnu.io.RXTXPort.readArray([BII)I (0 bytes) @ 0x000001d4001c6294 [0x000001d4001c6240+0x54]
J 350 C1 gnu.io.RXTXPort$SerialInputStream.read([BII)I (230 bytes) @ 0x000001d4001c260c [0x000001d4001c1ea0+0x76c]
J 349 C1 gnu.io.RXTXPort$SerialInputStream.read([B)I (77 bytes) @ 0x000001d4001c15f4 [0x000001d4001c1240+0x3b4]
j  spring.arduino.com.serial.SerialRead.run()V+154
j  java.lang.Thread.run()V+11
v  ~StubRoutines::call_stub

---------------  P R O C E S S  ---------------

Java Threads: ( => current thread )
  0x000001d47584b800 JavaThread "DestroyJavaVM" [_thread_blocked, id=16520, stack(0x0000003ca4a00000,0x0000003ca4b00000)]
=>0x000001d47d8e1800 JavaThread "Thread-1" [_thread_in_native, id=17264, stack(0x0000003ca5f00000,0x0000003ca6000000)]
  0x000001d47d65c000 JavaThread "Service Thread" daemon [_thread_blocked, id=30680, stack(0x0000003ca5c00000,0x0000003ca5d00000)]
  0x000001d47b848800 JavaThread "C1 CompilerThread3" daemon [_thread_blocked, id=26060, stack(0x0000003ca5b00000,0x0000003ca5c00000)]
  0x000001d47b83d000 JavaThread "C2 CompilerThread2" daemon [_thread_blocked, id=25776, stack(0x0000003ca5a00000,0x0000003ca5b00000)]
  0x000001d47b836800 JavaThread "C2 CompilerThread1" daemon [_thread_blocked, id=16408, stack(0x0000003ca5900000,0x0000003ca5a00000)]
  0x000001d47b833000 JavaThread "C2 CompilerThread0" daemon [_thread_blocked, id=25480, stack(0x0000003ca5800000,0x0000003ca5900000)]
  0x000001d47b832000 JavaThread "Attach Listener" daemon [_thread_blocked, id=8936, stack(0x0000003ca5700000,0x0000003ca5800000)]
  0x000001d47b7dd800 JavaThread "Signal Dispatcher" daemon [_thread_blocked, id=8196, stack(0x0000003ca5600000,0x0000003ca5700000)]
  0x000001d47b7a7800 JavaThread "Finalizer" daemon [_thread_blocked, id=23028, stack(0x0000003ca5500000,0x0000003ca5600000)]
  0x000001d47b7a0000 JavaThread "Reference Handler" daemon [_thread_blocked, id=30560, stack(0x0000003ca5400000,0x0000003ca5500000)]

Other Threads:
  0x000001d47b775800 VMThread [stack: 0x0000003ca5300000,0x0000003ca5400000] [id=30272]
  0x000001d47d5e4000 WatcherThread [stack: 0x0000003ca5d00000,0x0000003ca5e00000] [id=26540]

VM state:not at safepoint (normal execution)

VM Mutex/Monitor currently owned by a thread: None

heap address: 0x00000000a2000000, size: 1504 MB, Compressed Oops mode: 32-bit
Narrow klass base: 0x0000000000000000, Narrow klass shift: 3
Compressed class space size: 1073741824 Address: 0x0000000100000000

Heap:
 PSYoungGen      total 28160K, used 7395K [0x00000000e0b00000, 0x00000000e2a00000, 0x0000000100000000)
  eden space 24576K, 30% used [0x00000000e0b00000,0x00000000e1238f00,0x00000000e2300000)
  from space 3584K, 0% used [0x00000000e2680000,0x00000000e2680000,0x00000000e2a00000)
  to   space 3584K, 0% used [0x00000000e2300000,0x00000000e2300000,0x00000000e2680000)
 ParOldGen       total 64512K, used 0K [0x00000000a2000000, 0x00000000a5f00000, 0x00000000e0b00000)
  object space 64512K, 0% used [0x00000000a2000000,0x00000000a2000000,0x00000000a5f00000)
 Metaspace       used 4888K, capacity 5060K, committed 5248K, reserved 1056768K
  class space    used 534K, capacity 600K, committed 640K, reserved 1048576K

Card table byte_map: [0x000001d477640000,0x000001d477940000] byte_map_base: 0x000001d477130000

Marking Bits: (ParMarkBitMap*) 0x000000005b147fe0
 Begin Bits: [0x000001d477b40000, 0x000001d4792c0000)
 End Bits:   [0x000001d4792c0000, 0x000001d47aa40000)

Polling page: 0x000001d477250000

CodeCache: size=245760Kb used=1855Kb max_used=1867Kb free=243904Kb
 bounds [0x000001d400000000, 0x000001d400270000, 0x000001d40f000000]
 total_blobs=653 nmethods=371 adapters=196
 compilation: enabled

Compilation events (10 events):
Event: 420.354 Thread 0x000001d47b833000  367   !   4       java.io.BufferedWriter::write (117 bytes)
Event: 420.361 Thread 0x000001d47b833000 nmethod 367 0x000001d4001cb950 code [0x000001d4001cbaa0, 0x000001d4001cc0d8]
Event: 430.383 Thread 0x000001d47b836800  368       4       java.io.OutputStreamWriter::write (11 bytes)
Event: 430.391 Thread 0x000001d47b836800 nmethod 368 0x000001d4001d1890 code [0x000001d4001d1a20, 0x000001d4001d2348]
Event: 438.874 Thread 0x000001d47b836800  369   !   4       sun.nio.cs.StreamEncoder::flushBuffer (42 bytes)
Event: 438.892 Thread 0x000001d47b836800 nmethod 369 0x000001d4001d3210 code [0x000001d4001d33c0, 0x000001d4001d4448]
Event: 473.018 Thread 0x000001d47b848800  370       3       sun.net.util.IPAddressUtil::match (50 bytes)
Event: 473.018 Thread 0x000001d47b848800 nmethod 370 0x000001d4001cb450 code [0x000001d4001cb5c0, 0x000001d4001cb878]
Event: 500.374 Thread 0x000001d47b836800  371   !   4       java.io.BufferedWriter::flushBuffer (53 bytes)
Event: 500.377 Thread 0x000001d47b836800 nmethod 371 0x000001d4001c6f10 code [0x000001d4001c7060, 0x000001d4001c7448]

GC Heap History (0 events):
No events

Deoptimization events (0 events):
No events

Classes redefined (0 events):
No events

Internal exceptions (8 events):
Event: 0.040 Thread 0x000001d47584b800 Exception <a 'java/lang/NoSuchMethodError': Method sun.misc.Unsafe.defineClass(Ljava/lang/String;[BII)Ljava/lang/Class; name or signature does not match> (0x00000000e0b07cc0) thrown at [C:\jenkins\workspace\8-2-build-windows-amd64-cygwin\jdk8u291\1294\hot
Event: 0.040 Thread 0x000001d47584b800 Exception <a 'java/lang/NoSuchMethodError': Method sun.misc.Unsafe.prefetchRead(Ljava/lang/Object;J)V name or signature does not match> (0x00000000e0b07fa8) thrown at [C:\jenkins\workspace\8-2-build-windows-amd64-cygwin\jdk8u291\1294\hotspot\src\share\vm\
Event: 0.176 Thread 0x000001d47584b800 Exception <a 'java/io/FileNotFoundException'> (0x00000000e0d4ca10) thrown at [C:\jenkins\workspace\8-2-build-windows-amd64-cygwin\jdk8u291\1294\hotspot\src\share\vm\prims\jni.cpp, line 710]
Event: 0.179 Thread 0x000001d47584b800 Exception <a 'java/io/FileNotFoundException'> (0x00000000e0d66110) thrown at [C:\jenkins\workspace\8-2-build-windows-amd64-cygwin\jdk8u291\1294\hotspot\src\share\vm\prims\jni.cpp, line 710]
Event: 2.601 Thread 0x000001d47d8e1800 Exception <a 'java/lang/NoSuchFieldError': method resolution failed> (0x00000000e0fab110) thrown at [C:\jenkins\workspace\8-2-build-windows-amd64-cygwin\jdk8u291\1294\hotspot\src\share\vm\prims\methodHandles.cpp, line 1169]
Event: 2.604 Thread 0x000001d47d8e1800 Exception <a 'java/lang/NoSuchFieldError': method resolution failed> (0x00000000e0fb84e0) thrown at [C:\jenkins\workspace\8-2-build-windows-amd64-cygwin\jdk8u291\1294\hotspot\src\share\vm\prims\methodHandles.cpp, line 1169]
Event: 4.706 Thread 0x000001d47d8e1800 Exception <a 'java/net/ConnectException': Connection refused: connect> (0x00000000e1052b60) thrown at [C:\jenkins\workspace\8-2-build-windows-amd64-cygwin\jdk8u291\1294\hotspot\src\share\vm\prims\jni.cpp, line 737]
Event: 555.024 Thread 0x000001d47d8fa800 Exception <a 'java/io/IOException': No error in nativeavailable> (0x00000000e0de22f0) thrown at [C:\jenkins\workspace\8-2-build-windows-amd64-cygwin\jdk8u291\1294\hotspot\src\share\vm\prims\jni.cpp, line 737]

Events (10 events):
Event: 48.982 loading class java/util/LinkedList$Node done
Event: 555.024 loading class java/lang/Throwable$WrappedPrintStream
Event: 555.024 loading class java/lang/Throwable$PrintStreamOrWriter
Event: 555.025 loading class java/lang/Throwable$PrintStreamOrWriter done
Event: 555.025 loading class java/lang/Throwable$WrappedPrintStream done
Event: 555.025 loading class java/util/IdentityHashMap
Event: 555.025 loading class java/util/IdentityHashMap done
Event: 555.025 loading class java/util/IdentityHashMap$KeySet
Event: 555.026 loading class java/util/IdentityHashMap$KeySet done
Event: 555.026 Thread 0x000001d47d8fa800 Thread exited: 0x000001d47d8fa800


Dynamic libraries:
0x00007ff750a20000 - 0x00007ff750a67000 	C:\Program Files\Java\jdk1.8.0_291\bin\javaw.exe
0x00007ffa21a30000 - 0x00007ffa21c25000 	C:\WINDOWS\SYSTEM32\ntdll.dll
0x00007ffa1fcd0000 - 0x00007ffa1fd8e000 	C:\WINDOWS\System32\KERNEL32.DLL
0x00007ffa1f1b0000 - 0x00007ffa1f478000 	C:\WINDOWS\System32\KERNELBASE.dll
0x00007ffa1fae0000 - 0x00007ffa1fb8c000 	C:\WINDOWS\System32\ADVAPI32.dll
0x00007ffa205f0000 - 0x00007ffa2068e000 	C:\WINDOWS\System32\msvcrt.dll
0x00007ffa210d0000 - 0x00007ffa2116b000 	C:\WINDOWS\System32\sechost.dll
0x00007ffa218c0000 - 0x00007ffa219ea000 	C:\WINDOWS\System32\RPCRT4.dll
0x00007ffa1fed0000 - 0x00007ffa20071000 	C:\WINDOWS\System32\USER32.dll
0x00007ffa1f790000 - 0x00007ffa1f7b2000 	C:\WINDOWS\System32\win32u.dll
0x00007ffa20530000 - 0x00007ffa2055b000 	C:\WINDOWS\System32\GDI32.dll
0x00007ffa1f480000 - 0x00007ffa1f58b000 	C:\WINDOWS\System32\gdi32full.dll
0x00007ffa1f6f0000 - 0x00007ffa1f78d000 	C:\WINDOWS\System32\msvcp_win.dll
0x00007ffa1f5f0000 - 0x00007ffa1f6f0000 	C:\WINDOWS\System32\ucrtbase.dll
0x00007ffa0e8f0000 - 0x00007ffa0eb8a000 	C:\WINDOWS\WinSxS\amd64_microsoft.windows.common-controls_6595b64144ccf1df_6.0.19041.1110_none_60b5254171f9507e\COMCTL32.dll
0x00007ffa20350000 - 0x00007ffa20380000 	C:\WINDOWS\System32\IMM32.DLL
0x00007ffa04c70000 - 0x00007ffa04c85000 	C:\Program Files\Java\jdk1.8.0_291\jre\bin\vcruntime140.dll
0x00007ff9ee980000 - 0x00007ff9eea1b000 	C:\Program Files\Java\jdk1.8.0_291\jre\bin\msvcp140.dll
0x000000005a960000 - 0x000000005b1c0000 	C:\Program Files\Java\jdk1.8.0_291\jre\bin\server\jvm.dll
0x00007ffa20a50000 - 0x00007ffa20a58000 	C:\WINDOWS\System32\PSAPI.DLL
0x00007ffa1b790000 - 0x00007ffa1b799000 	C:\WINDOWS\SYSTEM32\WSOCK32.dll
0x00007ffa1fe60000 - 0x00007ffa1fecb000 	C:\WINDOWS\System32\WS2_32.dll
0x00007ffa14250000 - 0x00007ffa14277000 	C:\WINDOWS\SYSTEM32\WINMM.dll
0x00007ffa140d0000 - 0x00007ffa140da000 	C:\WINDOWS\SYSTEM32\VERSION.dll
0x00007ffa1da30000 - 0x00007ffa1da42000 	C:\WINDOWS\SYSTEM32\kernel.appcore.dll
0x00007ffa12650000 - 0x00007ffa12660000 	C:\Program Files\Java\jdk1.8.0_291\jre\bin\verify.dll
0x00007ffa04c40000 - 0x00007ffa04c6b000 	C:\Program Files\Java\jdk1.8.0_291\jre\bin\java.dll
0x00007ffa03ca0000 - 0x00007ffa03cb8000 	C:\Program Files\Java\jdk1.8.0_291\jre\bin\zip.dll
0x00007ffa21170000 - 0x00007ffa218af000 	C:\WINDOWS\System32\SHELL32.dll
0x00007ffa1d290000 - 0x00007ffa1da20000 	C:\WINDOWS\SYSTEM32\windows.storage.dll
0x00007ffa20690000 - 0x00007ffa209e5000 	C:\WINDOWS\System32\combase.dll
0x00007ffa1ec00000 - 0x00007ffa1ec2e000 	C:\WINDOWS\SYSTEM32\Wldp.dll
0x00007ffa20ac0000 - 0x00007ffa20b6d000 	C:\WINDOWS\System32\SHCORE.dll
0x00007ffa209f0000 - 0x00007ffa20a45000 	C:\WINDOWS\System32\shlwapi.dll
0x00007ffa1f0f0000 - 0x00007ffa1f10f000 	C:\WINDOWS\SYSTEM32\profapi.dll
0x000000006af40000 - 0x000000006af9f000 	C:\Users\User\git\arduino\arduino\lib\rxtxSerial.dll
0x00007ffa03c80000 - 0x00007ffa03c9c000 	C:\Program Files\Java\jdk1.8.0_291\jre\bin\net.dll
0x00007ffa1e960000 - 0x00007ffa1e9ca000 	C:\WINDOWS\system32\mswsock.dll
0x00007ffa1e640000 - 0x00007ffa1e70b000 	C:\WINDOWS\SYSTEM32\DNSAPI.dll
0x00007ffa1e600000 - 0x00007ffa1e63b000 	C:\WINDOWS\SYSTEM32\IPHLPAPI.DLL
0x00007ffa218b0000 - 0x00007ffa218b8000 	C:\WINDOWS\System32\NSI.dll
0x00007ffa17150000 - 0x00007ffa1715a000 	C:\Windows\System32\rasadhlp.dll
0x00007ffa0eba0000 - 0x00007ffa0ec1f000 	C:\WINDOWS\System32\fwpuclnt.dll
0x00007ffa1f7c0000 - 0x00007ffa1f7e7000 	C:\WINDOWS\System32\bcrypt.dll
0x00007ffa1ce60000 - 0x00007ffa1d044000 	C:\WINDOWS\SYSTEM32\dbghelp.dll
0x00007ffa1f8a0000 - 0x00007ffa1f923000 	C:\WINDOWS\System32\bcryptPrimitives.dll

VM Arguments:
jvm_args: -Djava.library.path=C:\Users\User\git\arduino\arduino\lib -Dfile.encoding=UTF-8 
java_command: spring.arduino.com.serial.Main
java_class_path (initial): C:\Users\User\git\arduino\arduino\target\classes;C:\Users\User\Desktop\eclipse\apache-tomcat-9.0.45\lib\annotations-api.jar;C:\Users\User\Desktop\eclipse\apache-tomcat-9.0.45\lib\catalina-ant.jar;C:\Users\User\Desktop\eclipse\apache-tomcat-9.0.45\lib\catalina-ha.jar;C:\Users\User\Desktop\eclipse\apache-tomcat-9.0.45\lib\catalina-ssi.jar;C:\Users\User\Desktop\eclipse\apache-tomcat-9.0.45\lib\catalina-storeconfig.jar;C:\Users\User\Desktop\eclipse\apache-tomcat-9.0.45\lib\catalina-tribes.jar;C:\Users\User\Desktop\eclipse\apache-tomcat-9.0.45\lib\catalina.jar;C:\Users\User\Desktop\eclipse\apache-tomcat-9.0.45\lib\ecj-4.18.jar;C:\Users\User\Desktop\eclipse\apache-tomcat-9.0.45\lib\el-api.jar;C:\Users\User\Desktop\eclipse\apache-tomcat-9.0.45\lib\jasper-el.jar;C:\Users\User\Desktop\eclipse\apache-tomcat-9.0.45\lib\jasper.jar;C:\Users\User\Desktop\eclipse\apache-tomcat-9.0.45\lib\jaspic-api.jar;C:\Users\User\Desktop\eclipse\apache-tomcat-9.0.45\lib\jsp-api.jar;C:\Users\User\Desktop\eclipse\apache-tomcat-9.0.45\lib\servlet-api.jar;C:\Users\User\Desktop\eclipse\apache-tomcat-9.0.45\lib\tomcat-api.jar;C:\Users\User\Desktop\eclipse\apache-tomcat-9.0.45\lib\tomcat-coyote.jar;C:\Users\User\Desktop\eclipse\apache-tomcat-9.0.45\lib\tomcat-dbcp.jar;C:\Users\User\Desktop\eclipse\apache-tomcat-9.0.45\lib\tomcat-i18n-cs.jar;C:\Users\User\Desktop\eclipse\apache-tomcat-9.0.45\lib\tomcat-i18n-de.jar;C:\Users\User\Desktop\eclipse\apache-tomcat-9.0.45\lib\tomcat-i18n-es.jar;C:\Users\User\Desktop\eclipse\apache-tomcat-9.0.45\lib\tomcat-i18n-fr.jar;C:\Users\User\Desktop\eclipse\apache-tomcat-9.0.45\lib\tomcat-i18n-ja.jar;C:\Users\User\Desktop\eclipse\apache-tomcat-9.0.45\lib\tomcat-i18n-ko.jar;C:\Users\User\Desktop\eclipse\apache-tomcat-9.0.45\lib\tomcat-i18n-pt-BR.jar;C:\Users\User\Desktop\eclipse\apache-tomcat-9.0.45\lib\tomcat-i18n-ru.jar;C:\Users\User\Desktop\eclipse\apache-tomcat-9.0.45\lib\tomcat-i18n-zh-CN.jar;C:\Users\User\Desktop\eclipse\apache-tomcat-9.
Launcher Type: SUN_STANDARD

Environment Variables:
JAVA_HOME=C:\Program Files\Java\jdk1.8.0_291\bin
PATH=C:/Users/User/.p2/pool/plugins/org.eclipse.justj.openjdk.hotspot.jre.full.win32.x86_64_15.0.2.v20210201-0955/jre/bin/server;C:/Users/User/.p2/pool/plugins/org.eclipse.justj.openjdk.hotspot.jre.full.win32.x86_64_15.0.2.v20210201-0955/jre/bin;C:\Program Files\dotnet\anaconda3;C:\Program Files\dotnet\anaconda3\Library\mingw-w64\bin;C:\Program Files\dotnet\anaconda3\Library\usr\bin;C:\Program Files\dotnet\anaconda3\Library\bin;C:\Program Files\dotnet\anaconda3\Scripts;C:\ProgramData\Anaconda3;C:\ProgramData\Anaconda3\Library\mingw-w64\bin;C:\ProgramData\Anaconda3\Library\usr\bin;C:\ProgramData\Anaconda3\Library\bin;C:\ProgramData\Anaconda3\Scripts;C:\Program Files (x86)\Common Files\Oracle\Java\javapath;C:\WINDOWS\system32;C:\WINDOWS;C:\WINDOWS\System32\Wbem;C:\WINDOWS\System32\WindowsPowerShell\v1.0\;C:\WINDOWS\System32\OpenSSH\;C:\Program Files (x86)\PuTTY\;C:\Users\User\Desktop\eclipse\apache-tomcat-9.0.45\bin;C:\Program Files\MariaDB 10.5\bin;C:\Program Files\dotnet\;C:\Program Files\PuTTY\;C:\Program Files\Java\jdk1.8.0_291\bin;C:\Users\User\AppData\Local\Microsoft\WindowsApps;C:\Program Files\Bandizip\;C:\Users\User\.dotnet\tools;C:\Users\User\AppData\Local\Programs\Microsoft VS Code\bin;C:\ProgramData\User\atom\bin;C:\Users\User\AppData\Local\atom\bin;C:\Users\User\Desktop\eclipse;
USERNAME=User
OS=Windows_NT
PROCESSOR_IDENTIFIER=AMD64 Family 23 Model 96 Stepping 1, AuthenticAMD



---------------  S Y S T E M  ---------------

OS: Windows 10.0 , 64 bit Build 19041 (10.0.19041.1348)

CPU:total 8 (initial active 8) (8 cores per cpu, 1 threads per core) family 23 model 96 stepping 1, cmov, cx8, fxsr, mmx, sse, sse2, sse3, ssse3, sse4.1, sse4.2, popcnt, avx, avx2, aes, clmul, mmxext, 3dnowpref, lzcnt, sse4a, tsc, tscinvbit, tscinv, bmi1

Memory: 4k page, physical 6157632k(1094012k free), swap 13502796k(2443572k free)

vm_info: Java HotSpot(TM) 64-Bit Server VM (25.291-b10) for windows-amd64 JRE (1.8.0_291-b10), built on Apr  9 2021 00:02:00 by "java_re" with MS VC++ 15.9 (VS2017)

time: Wed May  4 14:38:53 2022
timezone: 대한민국 표준시
elapsed time: 555.589222 seconds (0d 0h 9m 15s)

