#
# A fatal error has been detected by the Java Runtime Environment:
#
#  EXCEPTION_ACCESS_VIOLATION (0xc0000005) at pc=0x000000006af44c2c, pid=20980, tid=0x000000000000719c
#
# JRE version: Java(TM) SE Runtime Environment (8.0_291-b10) (build 1.8.0_291-b10)
# Java VM: Java HotSpot(TM) 64-Bit Server VM (25.291-b10 mixed mode windows-amd64 compressed oops)
# Problematic frame:
# C  [rxtxSerial.dll+0x4c2c]
#
# Failed to write core dump. Minidumps are not enabled by default on client versions of Windows
#
# If you would like to submit a bug report, please visit:
#   http://bugreport.java.com/bugreport/crash.jsp
# The crash happened outside the Java Virtual Machine in native code.
# See problematic frame for where to report the bug.
#

---------------  T H R E A D  ---------------

Current thread (0x0000020999452800):  JavaThread "Thread-1" [_thread_in_native, id=29084, stack(0x000000fd3f000000,0x000000fd3f100000)]

siginfo: ExceptionCode=0xc0000005, writing address 0x000000fd3effe9e8

Registers:
RAX=0x000000fd3effe9e0, RBX=0x0000000000000000, RCX=0x0000000000000000, RDX=0x0000000000000000
RSP=0x000000fd3f0ff560, RBP=0x00000209997d5f50, RSI=0x0000000000000001, RDI=0x0000000000000000
R8 =0x000000fd3f0ff4b8, R9 =0x00000209997d5f50, R10=0x0000000000000000, R11=0x0000000000000246
R12=0x0000000000000000, R13=0x0000000000000001, R14=0x0000000000000001, R15=0x0000020999452800
RIP=0x000000006af44c2c, EFLAGS=0x0000000000010246

Top of Stack: (sp=0x000000fd3f0ff560)
0x000000fd3f0ff560:   0000000000000400 0000020900000000
0x000000fd3f0ff570:   0000000000000000 0000000000000000
0x000000fd3f0ff580:   000000fd3effe9e0 0000000000000000
0x000000fd3f0ff590:   0000000000000000 0000000000000000
0x000000fd3f0ff5a0:   00000209997d5f50 0000000000000001
0x000000fd3f0ff5b0:   ffffffffffffffff 0000020999452a00
0x000000fd3f0ff5c0:   000000fd3f0ff680 0000000000000001
0x000000fd3f0ff5d0:   0000020999452800 000000006af459cd
0x000000fd3f0ff5e0:   0000020999452a00 000000fd3f0ff658
0x000000fd3f0ff5f0:   00000000e0d8d450 0000020999452a00
0x000000fd3f0ff600:   000000fd00000001 00000000ffffffff
0x000000fd3f0ff610:   0000000100061c10 00000000e0d8d450
0x000000fd3f0ff620:   0000000000000001 000000fd3f0ff6b0
0x000000fd3f0ff630:   0000000000000000 000000fd3f0ff800
0x000000fd3f0ff640:   0000000000000000 00000209840aae71
0x000000fd3f0ff650:   000000fd3f0ff850 000000fd3f0ff678 

Instructions: (pc=0x000000006af44c2c)
0x000000006af44c0c:   00 00 00 75 d7 b9 e8 03 00 00 e8 45 1e 00 00 eb
0x000000006af44c1c:   d0 0f 1f 00 45 31 e4 48 8b 44 24 20 8b 7c 24 2c
0x000000006af44c2c:   89 78 08 44 89 e0 48 83 c4 38 5b 5e 5f 5d 41 5c
0x000000006af44c3c:   41 5d 41 5e 41 5f c3 0f 1f 44 00 00 4c 8b 3d 1d 


Register to memory mapping:

RAX=0x000000fd3effe9e0 is an unknown value
RBX=0x0000000000000000 is an unknown value
RCX=0x0000000000000000 is an unknown value
RDX=0x0000000000000000 is an unknown value
RSP=0x000000fd3f0ff560 is pointing into the stack for thread: 0x0000020999452800
RBP=0x00000209997d5f50 is an unknown value
RSI=0x0000000000000001 is an unknown value
RDI=0x0000000000000000 is an unknown value
R8 =0x000000fd3f0ff4b8 is pointing into the stack for thread: 0x0000020999452800
R9 =0x00000209997d5f50 is an unknown value
R10=0x0000000000000000 is an unknown value
R11=0x0000000000000246 is an unknown value
R12=0x0000000000000000 is an unknown value
R13=0x0000000000000001 is an unknown value
R14=0x0000000000000001 is an unknown value
R15=0x0000020999452800 is a thread


Stack: [0x000000fd3f000000,0x000000fd3f100000],  sp=0x000000fd3f0ff560,  free space=1021k
Native frames: (J=compiled Java code, j=interpreted, Vv=VM code, C=native code)
C  [rxtxSerial.dll+0x4c2c]
C  [rxtxSerial.dll+0x59cd]
C  0x00000209840aae71

Java frames: (J=compiled Java code, j=interpreted, Vv=VM code)
J 350  gnu.io.RXTXPort.readArray([BII)I (0 bytes) @ 0x00000209840aadd4 [0x00000209840aad80+0x54]
J 349 C1 gnu.io.RXTXPort$SerialInputStream.read([BII)I (230 bytes) @ 0x00000209840ac66c [0x00000209840abe20+0x84c]
J 348 C1 gnu.io.RXTXPort$SerialInputStream.read([B)I (77 bytes) @ 0x00000209840ab574 [0x00000209840ab1c0+0x3b4]
j  spring.arduino.com.serial.SerialRead.run()V+132
j  java.lang.Thread.run()V+11
v  ~StubRoutines::call_stub

---------------  P R O C E S S  ---------------

Java Threads: ( => current thread )
  0x000002098250c000 JavaThread "DestroyJavaVM" [_thread_blocked, id=9424, stack(0x000000fd3db00000,0x000000fd3dc00000)]
=>0x0000020999452800 JavaThread "Thread-1" [_thread_in_native, id=29084, stack(0x000000fd3f000000,0x000000fd3f100000)]
  0x0000020999214000 JavaThread "Service Thread" daemon [_thread_blocked, id=26060, stack(0x000000fd3ed00000,0x000000fd3ee00000)]
  0x000002099749e800 JavaThread "C1 CompilerThread3" daemon [_thread_blocked, id=2856, stack(0x000000fd3ec00000,0x000000fd3ed00000)]
  0x000002099748e000 JavaThread "C2 CompilerThread2" daemon [_thread_blocked, id=38872, stack(0x000000fd3eb00000,0x000000fd3ec00000)]
  0x000002099748b000 JavaThread "C2 CompilerThread1" daemon [_thread_blocked, id=34200, stack(0x000000fd3ea00000,0x000000fd3eb00000)]
  0x0000020997487000 JavaThread "C2 CompilerThread0" daemon [_thread_blocked, id=12732, stack(0x000000fd3e900000,0x000000fd3ea00000)]
  0x0000020997433000 JavaThread "Attach Listener" daemon [_thread_blocked, id=11164, stack(0x000000fd3e800000,0x000000fd3e900000)]
  0x0000020997432800 JavaThread "Signal Dispatcher" daemon [_thread_blocked, id=29520, stack(0x000000fd3e700000,0x000000fd3e800000)]
  0x0000020997405800 JavaThread "Finalizer" daemon [_thread_blocked, id=10216, stack(0x000000fd3e600000,0x000000fd3e700000)]
  0x00000209973f6000 JavaThread "Reference Handler" daemon [_thread_blocked, id=29792, stack(0x000000fd3e500000,0x000000fd3e600000)]

Other Threads:
  0x00000209973ca000 VMThread [stack: 0x000000fd3e400000,0x000000fd3e500000] [id=24836]
  0x0000020999216800 WatcherThread [stack: 0x000000fd3ee00000,0x000000fd3ef00000] [id=16468]

VM state:not at safepoint (normal execution)

VM Mutex/Monitor currently owned by a thread: None

heap address: 0x00000000a2000000, size: 1504 MB, Compressed Oops mode: 32-bit
Narrow klass base: 0x0000000000000000, Narrow klass shift: 3
Compressed class space size: 1073741824 Address: 0x0000000100000000

Heap:
 PSYoungGen      total 28160K, used 6395K [0x00000000e0b00000, 0x00000000e2a00000, 0x0000000100000000)
  eden space 24576K, 26% used [0x00000000e0b00000,0x00000000e113ee60,0x00000000e2300000)
  from space 3584K, 0% used [0x00000000e2680000,0x00000000e2680000,0x00000000e2a00000)
  to   space 3584K, 0% used [0x00000000e2300000,0x00000000e2300000,0x00000000e2680000)
 ParOldGen       total 64512K, used 0K [0x00000000a2000000, 0x00000000a5f00000, 0x00000000e0b00000)
  object space 64512K, 0% used [0x00000000a2000000,0x00000000a2000000,0x00000000a5f00000)
 Metaspace       used 4891K, capacity 5060K, committed 5248K, reserved 1056768K
  class space    used 534K, capacity 600K, committed 640K, reserved 1048576K

Card table byte_map: [0x00000209932b0000,0x00000209935b0000] byte_map_base: 0x0000020992da0000

Marking Bits: (ParMarkBitMap*) 0x000000005b147fe0
 Begin Bits: [0x00000209937b0000, 0x0000020994f30000)
 End Bits:   [0x0000020994f30000, 0x00000209966b0000)

Polling page: 0x00000209826b0000

CodeCache: size=245760Kb used=1822Kb max_used=1824Kb free=243937Kb
 bounds [0x0000020983ef0000, 0x0000020984160000, 0x0000020992ef0000]
 total_blobs=652 nmethods=370 adapters=196
 compilation: enabled

Compilation events (10 events):
Event: 210.137 Thread 0x000002099749e800  366       3       java.lang.System::checkKey (34 bytes)
Event: 210.137 Thread 0x000002099749e800 nmethod 366 0x00000209840b5690 code [0x00000209840b5820, 0x00000209840b5c10]
Event: 216.829 Thread 0x000002099749e800  367       3       java.net.URI$Parser::checkChars (44 bytes)
Event: 216.830 Thread 0x000002099749e800 nmethod 367 0x00000209840b68d0 code [0x00000209840b6ac0, 0x00000209840b7390]
Event: 243.389 Thread 0x000002099749e800  368       3       java.util.AbstractList::<init> (10 bytes)
Event: 243.389 Thread 0x000002099749e800 nmethod 368 0x00000209840b63d0 code [0x00000209840b6540, 0x00000209840b6758]
Event: 249.538 Thread 0x000002099749e800  369       3       java.lang.ref.Finalizer::register (10 bytes)
Event: 249.538 Thread 0x000002099749e800 nmethod 369 0x00000209840b4f10 code [0x00000209840b50a0, 0x00000209840b54d0]
Event: 249.538 Thread 0x000002099749e800  370       3       java.lang.ref.Finalizer::<init> (23 bytes)
Event: 249.538 Thread 0x000002099749e800 nmethod 370 0x00000209840b90d0 code [0x00000209840b9260, 0x00000209840b95d0]

GC Heap History (0 events):
No events

Deoptimization events (0 events):
No events

Classes redefined (0 events):
No events

Internal exceptions (10 events):
Event: 49.832 Thread 0x0000020999452800 Exception <a 'java/net/ConnectException': Connection refused: connect> (0x00000000e106a740) thrown at [C:\jenkins\workspace\8-2-build-windows-amd64-cygwin\jdk8u291\1294\hotspot\src\share\vm\prims\jni.cpp, line 737]
Event: 59.262 Thread 0x0000020999452800 Exception <a 'java/net/ConnectException': Connection refused: connect> (0x00000000e106d5d0) thrown at [C:\jenkins\workspace\8-2-build-windows-amd64-cygwin\jdk8u291\1294\hotspot\src\share\vm\prims\jni.cpp, line 737]
Event: 66.595 Thread 0x0000020999452800 Exception <a 'java/net/ConnectException': Connection refused: connect> (0x00000000e1070000) thrown at [C:\jenkins\workspace\8-2-build-windows-amd64-cygwin\jdk8u291\1294\hotspot\src\share\vm\prims\jni.cpp, line 737]
Event: 72.016 Thread 0x0000020999452800 Exception <a 'java/net/ConnectException': Connection refused: connect> (0x00000000e10722c8) thrown at [C:\jenkins\workspace\8-2-build-windows-amd64-cygwin\jdk8u291\1294\hotspot\src\share\vm\prims\jni.cpp, line 737]
Event: 74.067 Thread 0x0000020999452800 Exception <a 'java/net/ConnectException': Connection refused: connect> (0x00000000e1073c80) thrown at [C:\jenkins\workspace\8-2-build-windows-amd64-cygwin\jdk8u291\1294\hotspot\src\share\vm\prims\jni.cpp, line 737]
Event: 76.133 Thread 0x0000020999452800 Exception <a 'java/net/ConnectException': Connection refused: connect> (0x00000000e1075638) thrown at [C:\jenkins\workspace\8-2-build-windows-amd64-cygwin\jdk8u291\1294\hotspot\src\share\vm\prims\jni.cpp, line 737]
Event: 78.187 Thread 0x0000020999452800 Exception <a 'java/net/ConnectException': Connection refused: connect> (0x00000000e1076ff0) thrown at [C:\jenkins\workspace\8-2-build-windows-amd64-cygwin\jdk8u291\1294\hotspot\src\share\vm\prims\jni.cpp, line 737]
Event: 84.963 Thread 0x0000020999452800 Exception <a 'java/net/ConnectException': Connection refused: connect> (0x00000000e1079740) thrown at [C:\jenkins\workspace\8-2-build-windows-amd64-cygwin\jdk8u291\1294\hotspot\src\share\vm\prims\jni.cpp, line 737]
Event: 89.779 Thread 0x0000020999452800 Exception <a 'java/net/ConnectException': Connection refused: connect> (0x00000000e107b838) thrown at [C:\jenkins\workspace\8-2-build-windows-amd64-cygwin\jdk8u291\1294\hotspot\src\share\vm\prims\jni.cpp, line 737]
Event: 251.302 Thread 0x0000020999449000 Exception <a 'java/io/IOException': No error in nativeavailable> (0x00000000e0de22f0) thrown at [C:\jenkins\workspace\8-2-build-windows-amd64-cygwin\jdk8u291\1294\hotspot\src\share\vm\prims\jni.cpp, line 737]

Events (10 events):
Event: 195.433 loading class sun/net/www/protocol/http/HttpURLConnection$HttpInputStream done
Event: 251.302 loading class java/lang/Throwable$WrappedPrintStream
Event: 251.302 loading class java/lang/Throwable$PrintStreamOrWriter
Event: 251.303 loading class java/lang/Throwable$PrintStreamOrWriter done
Event: 251.303 loading class java/lang/Throwable$WrappedPrintStream done
Event: 251.303 loading class java/util/IdentityHashMap
Event: 251.303 loading class java/util/IdentityHashMap done
Event: 251.303 loading class java/util/IdentityHashMap$KeySet
Event: 251.303 loading class java/util/IdentityHashMap$KeySet done
Event: 251.304 Thread 0x0000020999449000 Thread exited: 0x0000020999449000


Dynamic libraries:
0x00007ff6ca070000 - 0x00007ff6ca0b7000 	C:\Program Files\Java\jdk1.8.0_291\bin\javaw.exe
0x00007ffa21a30000 - 0x00007ffa21c25000 	C:\WINDOWS\SYSTEM32\ntdll.dll
0x00007ffa1fcd0000 - 0x00007ffa1fd8e000 	C:\WINDOWS\System32\KERNEL32.DLL
0x00007ffa1f1b0000 - 0x00007ffa1f478000 	C:\WINDOWS\System32\KERNELBASE.dll
0x00007ffa1fae0000 - 0x00007ffa1fb8c000 	C:\WINDOWS\System32\ADVAPI32.dll
0x00007ffa205f0000 - 0x00007ffa2068e000 	C:\WINDOWS\System32\msvcrt.dll
0x00007ffa210d0000 - 0x00007ffa2116b000 	C:\WINDOWS\System32\sechost.dll
0x00007ffa218c0000 - 0x00007ffa219ea000 	C:\WINDOWS\System32\RPCRT4.dll
0x00007ffa1fed0000 - 0x00007ffa20071000 	C:\WINDOWS\System32\USER32.dll
0x00007ffa1f790000 - 0x00007ffa1f7b2000 	C:\WINDOWS\System32\win32u.dll
0x00007ffa20530000 - 0x00007ffa2055b000 	C:\WINDOWS\System32\GDI32.dll
0x00007ffa1f480000 - 0x00007ffa1f58b000 	C:\WINDOWS\System32\gdi32full.dll
0x00007ffa1f6f0000 - 0x00007ffa1f78d000 	C:\WINDOWS\System32\msvcp_win.dll
0x00007ffa1f5f0000 - 0x00007ffa1f6f0000 	C:\WINDOWS\System32\ucrtbase.dll
0x00007ffa0e8f0000 - 0x00007ffa0eb8a000 	C:\WINDOWS\WinSxS\amd64_microsoft.windows.common-controls_6595b64144ccf1df_6.0.19041.1110_none_60b5254171f9507e\COMCTL32.dll
0x00007ffa20350000 - 0x00007ffa20380000 	C:\WINDOWS\System32\IMM32.DLL
0x00007ffa198f0000 - 0x00007ffa19905000 	C:\Program Files\Java\jdk1.8.0_291\jre\bin\vcruntime140.dll
0x00007ff9eaa00000 - 0x00007ff9eaa9b000 	C:\Program Files\Java\jdk1.8.0_291\jre\bin\msvcp140.dll
0x000000005a960000 - 0x000000005b1c0000 	C:\Program Files\Java\jdk1.8.0_291\jre\bin\server\jvm.dll
0x00007ffa20a50000 - 0x00007ffa20a58000 	C:\WINDOWS\System32\PSAPI.DLL
0x00007ffa12650000 - 0x00007ffa12659000 	C:\WINDOWS\SYSTEM32\WSOCK32.dll
0x00007ffa14250000 - 0x00007ffa14277000 	C:\WINDOWS\SYSTEM32\WINMM.dll
0x00007ffa1fe60000 - 0x00007ffa1fecb000 	C:\WINDOWS\System32\WS2_32.dll
0x00007ffa140d0000 - 0x00007ffa140da000 	C:\WINDOWS\SYSTEM32\VERSION.dll
0x00007ffa1da30000 - 0x00007ffa1da42000 	C:\WINDOWS\SYSTEM32\kernel.appcore.dll
0x00007ffa196f0000 - 0x00007ffa19700000 	C:\Program Files\Java\jdk1.8.0_291\jre\bin\verify.dll
0x00007ffa0f6c0000 - 0x00007ffa0f6eb000 	C:\Program Files\Java\jdk1.8.0_291\jre\bin\java.dll
0x00007ffa196d0000 - 0x00007ffa196e8000 	C:\Program Files\Java\jdk1.8.0_291\jre\bin\zip.dll
0x00007ffa21170000 - 0x00007ffa218af000 	C:\WINDOWS\System32\SHELL32.dll
0x00007ffa1d290000 - 0x00007ffa1da20000 	C:\WINDOWS\SYSTEM32\windows.storage.dll
0x00007ffa20690000 - 0x00007ffa209e5000 	C:\WINDOWS\System32\combase.dll
0x00007ffa1ec00000 - 0x00007ffa1ec2e000 	C:\WINDOWS\SYSTEM32\Wldp.dll
0x00007ffa20ac0000 - 0x00007ffa20b6d000 	C:\WINDOWS\System32\SHCORE.dll
0x00007ffa209f0000 - 0x00007ffa20a45000 	C:\WINDOWS\System32\shlwapi.dll
0x00007ffa1f0f0000 - 0x00007ffa1f10f000 	C:\WINDOWS\SYSTEM32\profapi.dll
0x000000006af40000 - 0x000000006af9f000 	C:\Users\User\git\arduino\arduino\lib\rxtxSerial.dll
0x00007ffa0f620000 - 0x00007ffa0f63c000 	C:\Program Files\Java\jdk1.8.0_291\jre\bin\net.dll
0x00007ffa1e960000 - 0x00007ffa1e9ca000 	C:\WINDOWS\system32\mswsock.dll
0x00007ffa1e640000 - 0x00007ffa1e70b000 	C:\WINDOWS\SYSTEM32\DNSAPI.dll
0x00007ffa1e600000 - 0x00007ffa1e63b000 	C:\WINDOWS\SYSTEM32\IPHLPAPI.DLL
0x00007ffa218b0000 - 0x00007ffa218b8000 	C:\WINDOWS\System32\NSI.dll
0x00007ffa17150000 - 0x00007ffa1715a000 	C:\Windows\System32\rasadhlp.dll
0x00007ffa0eba0000 - 0x00007ffa0ec1f000 	C:\WINDOWS\System32\fwpuclnt.dll
0x00007ffa1f7c0000 - 0x00007ffa1f7e7000 	C:\WINDOWS\System32\bcrypt.dll
0x00007ffa1ce60000 - 0x00007ffa1d044000 	C:\WINDOWS\SYSTEM32\dbghelp.dll
0x00007ffa1f8a0000 - 0x00007ffa1f923000 	C:\WINDOWS\System32\bcryptPrimitives.dll

VM Arguments:
jvm_args: -Djava.library.path=C:\Users\User\git\arduino\arduino\lib -Dfile.encoding=UTF-8 
java_command: spring.arduino.com.serial.Main
java_class_path (initial): C:\Users\User\git\arduino\arduino\target\classes;C:\Users\User\Desktop\eclipse\apache-tomcat-9.0.45\lib\annotations-api.jar;C:\Users\User\Desktop\eclipse\apache-tomcat-9.0.45\lib\catalina-ant.jar;C:\Users\User\Desktop\eclipse\apache-tomcat-9.0.45\lib\catalina-ha.jar;C:\Users\User\Desktop\eclipse\apache-tomcat-9.0.45\lib\catalina-ssi.jar;C:\Users\User\Desktop\eclipse\apache-tomcat-9.0.45\lib\catalina-storeconfig.jar;C:\Users\User\Desktop\eclipse\apache-tomcat-9.0.45\lib\catalina-tribes.jar;C:\Users\User\Desktop\eclipse\apache-tomcat-9.0.45\lib\catalina.jar;C:\Users\User\Desktop\eclipse\apache-tomcat-9.0.45\lib\ecj-4.18.jar;C:\Users\User\Desktop\eclipse\apache-tomcat-9.0.45\lib\el-api.jar;C:\Users\User\Desktop\eclipse\apache-tomcat-9.0.45\lib\jasper-el.jar;C:\Users\User\Desktop\eclipse\apache-tomcat-9.0.45\lib\jasper.jar;C:\Users\User\Desktop\eclipse\apache-tomcat-9.0.45\lib\jaspic-api.jar;C:\Users\User\Desktop\eclipse\apache-tomcat-9.0.45\lib\jsp-api.jar;C:\Users\User\Desktop\eclipse\apache-tomcat-9.0.45\lib\servlet-api.jar;C:\Users\User\Desktop\eclipse\apache-tomcat-9.0.45\lib\tomcat-api.jar;C:\Users\User\Desktop\eclipse\apache-tomcat-9.0.45\lib\tomcat-coyote.jar;C:\Users\User\Desktop\eclipse\apache-tomcat-9.0.45\lib\tomcat-dbcp.jar;C:\Users\User\Desktop\eclipse\apache-tomcat-9.0.45\lib\tomcat-i18n-cs.jar;C:\Users\User\Desktop\eclipse\apache-tomcat-9.0.45\lib\tomcat-i18n-de.jar;C:\Users\User\Desktop\eclipse\apache-tomcat-9.0.45\lib\tomcat-i18n-es.jar;C:\Users\User\Desktop\eclipse\apache-tomcat-9.0.45\lib\tomcat-i18n-fr.jar;C:\Users\User\Desktop\eclipse\apache-tomcat-9.0.45\lib\tomcat-i18n-ja.jar;C:\Users\User\Desktop\eclipse\apache-tomcat-9.0.45\lib\tomcat-i18n-ko.jar;C:\Users\User\Desktop\eclipse\apache-tomcat-9.0.45\lib\tomcat-i18n-pt-BR.jar;C:\Users\User\Desktop\eclipse\apache-tomcat-9.0.45\lib\tomcat-i18n-ru.jar;C:\Users\User\Desktop\eclipse\apache-tomcat-9.0.45\lib\tomcat-i18n-zh-CN.jar;C:\Users\User\Desktop\eclipse\apache-tomcat-9.
Launcher Type: SUN_STANDARD

Environment Variables:
JAVA_HOME=C:\Program Files\Java\jdk1.8.0_291\bin
PATH=C:/Users/User/.p2/pool/plugins/org.eclipse.justj.openjdk.hotspot.jre.full.win32.x86_64_15.0.2.v20210201-0955/jre/bin/server;C:/Users/User/.p2/pool/plugins/org.eclipse.justj.openjdk.hotspot.jre.full.win32.x86_64_15.0.2.v20210201-0955/jre/bin;C:\Program Files\dotnet\anaconda3;C:\Program Files\dotnet\anaconda3\Library\mingw-w64\bin;C:\Program Files\dotnet\anaconda3\Library\usr\bin;C:\Program Files\dotnet\anaconda3\Library\bin;C:\Program Files\dotnet\anaconda3\Scripts;C:\ProgramData\Anaconda3;C:\ProgramData\Anaconda3\Library\mingw-w64\bin;C:\ProgramData\Anaconda3\Library\usr\bin;C:\ProgramData\Anaconda3\Library\bin;C:\ProgramData\Anaconda3\Scripts;C:\Program Files (x86)\Common Files\Oracle\Java\javapath;C:\WINDOWS\system32;C:\WINDOWS;C:\WINDOWS\System32\Wbem;C:\WINDOWS\System32\WindowsPowerShell\v1.0\;C:\WINDOWS\System32\OpenSSH\;C:\Program Files (x86)\PuTTY\;C:\Users\User\Desktop\eclipse\apache-tomcat-9.0.45\bin;C:\Program Files\MariaDB 10.5\bin;C:\Program Files\dotnet\;C:\Program Files\PuTTY\;C:\Program Files\Java\jdk1.8.0_291\bin;C:\Users\User\AppData\Local\Microsoft\WindowsApps;C:\Program Files\Bandizip\;C:\Users\User\.dotnet\tools;C:\Users\User\AppData\Local\Programs\Microsoft VS Code\bin;C:\ProgramData\User\atom\bin;C:\Users\User\AppData\Local\atom\bin;C:\Users\User\Desktop\eclipse;
USERNAME=User
OS=Windows_NT
PROCESSOR_IDENTIFIER=AMD64 Family 23 Model 96 Stepping 1, AuthenticAMD



---------------  S Y S T E M  ---------------

OS: Windows 10.0 , 64 bit Build 19041 (10.0.19041.1348)

CPU:total 8 (initial active 8) (8 cores per cpu, 1 threads per core) family 23 model 96 stepping 1, cmov, cx8, fxsr, mmx, sse, sse2, sse3, ssse3, sse4.1, sse4.2, popcnt, avx, avx2, aes, clmul, mmxext, 3dnowpref, lzcnt, sse4a, tsc, tscinvbit, tscinv, bmi1

Memory: 4k page, physical 6157632k(966864k free), swap 12711972k(1417456k free)

vm_info: Java HotSpot(TM) 64-Bit Server VM (25.291-b10) for windows-amd64 JRE (1.8.0_291-b10), built on Apr  9 2021 00:02:00 by "java_re" with MS VC++ 15.9 (VS2017)

time: Wed Apr 27 13:26:40 2022
timezone: 대한민국 표준시
elapsed time: 252.049055 seconds (0d 0h 4m 12s)

