#
# A fatal error has been detected by the Java Runtime Environment:
#
#  EXCEPTION_ACCESS_VIOLATION (0xc0000005) at pc=0x000000006af44c2c, pid=11696, tid=0x0000000000002438
#
# JRE version: Java(TM) SE Runtime Environment (8.0_291-b10) (build 1.8.0_291-b10)
# Java VM: Java HotSpot(TM) 64-Bit Server VM (25.291-b10 mixed mode windows-amd64 compressed oops)
# Problematic frame:
# C  [rxtxSerial.dll+0x4c2c]
#
# Failed to write core dump. Minidumps are not enabled by default on client versions of Windows
#
# If you would like to submit a bug report, please visit:
#   http://bugreport.java.com/bugreport/crash.jsp
# The crash happened outside the Java Virtual Machine in native code.
# See problematic frame for where to report the bug.
#

---------------  T H R E A D  ---------------

Current thread (0x000002655e2e3800):  JavaThread "Thread-1" [_thread_in_native, id=9272, stack(0x000000bbb3300000,0x000000bbb3400000)]

siginfo: ExceptionCode=0xc0000005, writing address 0x000000bbb32ff008

Registers:
RAX=0x000000bbb32ff000, RBX=0x0000000000000000, RCX=0x0000000000000000, RDX=0x0000000000000000
RSP=0x000000bbb33ff110, RBP=0x000002655e64c650, RSI=0x0000000000000001, RDI=0x0000000000000000
R8 =0x000000bbb33ff068, R9 =0x000002655e64c650, R10=0x0000000000000000, R11=0x0000000000000246
R12=0x0000000000000000, R13=0x0000000000000001, R14=0x0000000000000001, R15=0x000002655e2e3800
RIP=0x000000006af44c2c, EFLAGS=0x0000000000010246

Top of Stack: (sp=0x000000bbb33ff110)
0x000000bbb33ff110:   0000000000000400 0000026500000000
0x000000bbb33ff120:   0000000000000000 0000000000000000
0x000000bbb33ff130:   000000bbb32ff000 0000000000000000
0x000000bbb33ff140:   0000000000000000 0000000000000000
0x000000bbb33ff150:   000002655e64c650 0000000000000001
0x000000bbb33ff160:   ffffffffffffffff 000002655e2e3a00
0x000000bbb33ff170:   000000bbb33ff230 0000000000000001
0x000000bbb33ff180:   000002655e2e3800 000000006af459cd
0x000000bbb33ff190:   000002655e2e3a00 000000bbb33ff208
0x000000bbb33ff1a0:   00000000e0dc2918 000002655e2e3a00
0x000000bbb33ff1b0:   000000bb00000001 00000000ffffffff
0x000000bbb33ff1c0:   0000000100061c10 00000000e0dc2918
0x000000bbb33ff1d0:   0000000000000001 000000bbb33ff260
0x000000bbb33ff1e0:   0000000000000000 000000bbb33ff3b0
0x000000bbb33ff1f0:   0000000000000000 0000026548f13a71
0x000000bbb33ff200:   00000000e0b68e78 000000bbb33ff228 

Instructions: (pc=0x000000006af44c2c)
0x000000006af44c0c:   00 00 00 75 d7 b9 e8 03 00 00 e8 45 1e 00 00 eb
0x000000006af44c1c:   d0 0f 1f 00 45 31 e4 48 8b 44 24 20 8b 7c 24 2c
0x000000006af44c2c:   89 78 08 44 89 e0 48 83 c4 38 5b 5e 5f 5d 41 5c
0x000000006af44c3c:   41 5d 41 5e 41 5f c3 0f 1f 44 00 00 4c 8b 3d 1d 


Register to memory mapping:

RAX=0x000000bbb32ff000 is an unknown value
RBX=0x0000000000000000 is an unknown value
RCX=0x0000000000000000 is an unknown value
RDX=0x0000000000000000 is an unknown value
RSP=0x000000bbb33ff110 is pointing into the stack for thread: 0x000002655e2e3800
RBP=0x000002655e64c650 is an unknown value
RSI=0x0000000000000001 is an unknown value
RDI=0x0000000000000000 is an unknown value
R8 =0x000000bbb33ff068 is pointing into the stack for thread: 0x000002655e2e3800
R9 =0x000002655e64c650 is an unknown value
R10=0x0000000000000000 is an unknown value
R11=0x0000000000000246 is an unknown value
R12=0x0000000000000000 is an unknown value
R13=0x0000000000000001 is an unknown value
R14=0x0000000000000001 is an unknown value
R15=0x000002655e2e3800 is a thread


Stack: [0x000000bbb3300000,0x000000bbb3400000],  sp=0x000000bbb33ff110,  free space=1020k
Native frames: (J=compiled Java code, j=interpreted, Vv=VM code, C=native code)
C  [rxtxSerial.dll+0x4c2c]
C  [rxtxSerial.dll+0x59cd]
C  0x0000026548f13a71

Java frames: (J=compiled Java code, j=interpreted, Vv=VM code)
J 398  gnu.io.RXTXPort.readArray([BII)I (0 bytes) @ 0x0000026548f139d4 [0x0000026548f13980+0x54]
J 372 C1 gnu.io.RXTXPort$SerialInputStream.read([BII)I (230 bytes) @ 0x0000026548f0b66c [0x0000026548f0ae20+0x84c]
J 371 C1 gnu.io.RXTXPort$SerialInputStream.read([B)I (77 bytes) @ 0x0000026548f09df4 [0x0000026548f09a40+0x3b4]
j  spring.arduino.com.serial.SerialRead.run()V+154
j  java.lang.Thread.run()V+11
v  ~StubRoutines::call_stub

---------------  P R O C E S S  ---------------

Java Threads: ( => current thread )
  0x00000265472fd800 JavaThread "DestroyJavaVM" [_thread_blocked, id=2020, stack(0x000000bbb1e00000,0x000000bbb1f00000)]
=>0x000002655e2e3800 JavaThread "Thread-1" [_thread_in_native, id=9272, stack(0x000000bbb3300000,0x000000bbb3400000)]
  0x000002655e0d9000 JavaThread "Service Thread" daemon [_thread_blocked, id=540, stack(0x000000bbb3000000,0x000000bbb3100000)]
  0x000002655e052800 JavaThread "C1 CompilerThread3" daemon [_thread_blocked, id=10520, stack(0x000000bbb2f00000,0x000000bbb3000000)]
  0x000002655c2eb000 JavaThread "C2 CompilerThread2" daemon [_thread_blocked, id=9564, stack(0x000000bbb2e00000,0x000000bbb2f00000)]
  0x000002655c2e6000 JavaThread "C2 CompilerThread1" daemon [_thread_blocked, id=12920, stack(0x000000bbb2d00000,0x000000bbb2e00000)]
  0x000002655c2de000 JavaThread "C2 CompilerThread0" daemon [_thread_blocked, id=15736, stack(0x000000bbb2c00000,0x000000bbb2d00000)]
  0x000002655c2dc000 JavaThread "Attach Listener" daemon [_thread_blocked, id=7116, stack(0x000000bbb2b00000,0x000000bbb2c00000)]
  0x000002655c270000 JavaThread "Signal Dispatcher" daemon [_thread_blocked, id=21120, stack(0x000000bbb2a00000,0x000000bbb2b00000)]
  0x000002655c258000 JavaThread "Finalizer" daemon [_thread_blocked, id=12952, stack(0x000000bbb2900000,0x000000bbb2a00000)]
  0x000002655c250800 JavaThread "Reference Handler" daemon [_thread_blocked, id=576, stack(0x000000bbb2800000,0x000000bbb2900000)]

Other Threads:
  0x000002655c225800 VMThread [stack: 0x000000bbb2700000,0x000000bbb2800000] [id=8028]
  0x000002655e147000 WatcherThread [stack: 0x000000bbb3100000,0x000000bbb3200000] [id=19076]

VM state:not at safepoint (normal execution)

VM Mutex/Monitor currently owned by a thread: None

heap address: 0x00000000a2000000, size: 1504 MB, Compressed Oops mode: 32-bit
Narrow klass base: 0x0000000000000000, Narrow klass shift: 3
Compressed class space size: 1073741824 Address: 0x0000000100000000

Heap:
 PSYoungGen      total 28160K, used 9002K [0x00000000e0b00000, 0x00000000e2a00000, 0x0000000100000000)
  eden space 24576K, 36% used [0x00000000e0b00000,0x00000000e13caa48,0x00000000e2300000)
  from space 3584K, 0% used [0x00000000e2680000,0x00000000e2680000,0x00000000e2a00000)
  to   space 3584K, 0% used [0x00000000e2300000,0x00000000e2300000,0x00000000e2680000)
 ParOldGen       total 64512K, used 0K [0x00000000a2000000, 0x00000000a5f00000, 0x00000000e0b00000)
  object space 64512K, 0% used [0x00000000a2000000,0x00000000a2000000,0x00000000a5f00000)
 Metaspace       used 4901K, capacity 5060K, committed 5248K, reserved 1056768K
  class space    used 531K, capacity 600K, committed 640K, reserved 1048576K

Card table byte_map: [0x0000026558100000,0x0000026558400000] byte_map_base: 0x0000026557bf0000

Marking Bits: (ParMarkBitMap*) 0x0000000050bd7fe0
 Begin Bits: [0x0000026558600000, 0x0000026559d80000)
 End Bits:   [0x0000026559d80000, 0x000002655b500000)

Polling page: 0x00000265474e0000

CodeCache: size=245760Kb used=1920Kb max_used=1932Kb free=243839Kb
 bounds [0x0000026548d40000, 0x0000026548fb0000, 0x0000026557d40000]
 total_blobs=690 nmethods=408 adapters=196
 compilation: enabled

Compilation events (10 events):
Event: 396.602 Thread 0x000002655c2de000  404   !   4       java.io.BufferedWriter::write (117 bytes)
Event: 396.606 Thread 0x000002655c2de000 nmethod 404 0x0000026548f1d790 code [0x0000026548f1d8e0, 0x0000026548f1df18]
Event: 406.563 Thread 0x000002655c2eb000  405       4       java.io.OutputStreamWriter::write (11 bytes)
Event: 406.572 Thread 0x000002655c2eb000 nmethod 405 0x0000026548f1ef10 code [0x0000026548f1f0a0, 0x0000026548f1f9e8]
Event: 415.605 Thread 0x000002655c2e6000  406   !   4       sun.nio.cs.StreamEncoder::flushBuffer (42 bytes)
Event: 415.616 Thread 0x000002655c2e6000 nmethod 406 0x0000026548f209d0 code [0x0000026548f20b80, 0x0000026548f21c08]
Event: 476.527 Thread 0x000002655c2de000  407   !   4       java.io.BufferedWriter::flushBuffer (53 bytes)
Event: 476.530 Thread 0x000002655c2de000 nmethod 407 0x0000026548f22f10 code [0x0000026548f23060, 0x0000026548f23448]
Event: 539.002 Thread 0x000002655c2e6000  408       4       java.lang.StringBuilder::toString (17 bytes)
Event: 539.006 Thread 0x000002655c2e6000 nmethod 408 0x0000026548f1d050 code [0x0000026548f1d1a0, 0x0000026548f1d4f8]

GC Heap History (0 events):
No events

Deoptimization events (1 events):
Event: 0.237 Thread 0x00000265472fd800 Uncommon trap: reason=unstable_if action=reinterpret pc=0x0000026548e4fea0 method=java.lang.String.hashCode()I @ 14

Classes redefined (0 events):
No events

Internal exceptions (7 events):
Event: 0.039 Thread 0x00000265472fd800 Exception <a 'java/lang/NoSuchMethodError': Method sun.misc.Unsafe.defineClass(Ljava/lang/String;[BII)Ljava/lang/Class; name or signature does not match> (0x00000000e0b07cc0) thrown at [C:\jenkins\workspace\8-2-build-windows-amd64-cygwin\jdk8u291\1294\hot
Event: 0.039 Thread 0x00000265472fd800 Exception <a 'java/lang/NoSuchMethodError': Method sun.misc.Unsafe.prefetchRead(Ljava/lang/Object;J)V name or signature does not match> (0x00000000e0b07fa8) thrown at [C:\jenkins\workspace\8-2-build-windows-amd64-cygwin\jdk8u291\1294\hotspot\src\share\vm\
Event: 0.290 Thread 0x00000265472fd800 Exception <a 'java/io/FileNotFoundException'> (0x00000000e0d81ef8) thrown at [C:\jenkins\workspace\8-2-build-windows-amd64-cygwin\jdk8u291\1294\hotspot\src\share\vm\prims\jni.cpp, line 710]
Event: 0.294 Thread 0x00000265472fd800 Exception <a 'java/io/FileNotFoundException'> (0x00000000e0d9b608) thrown at [C:\jenkins\workspace\8-2-build-windows-amd64-cygwin\jdk8u291\1294\hotspot\src\share\vm\prims\jni.cpp, line 710]
Event: 34.079 Thread 0x000002655e2e3800 Exception <a 'java/lang/NoSuchFieldError': method resolution failed> (0x00000000e0fd3de0) thrown at [C:\jenkins\workspace\8-2-build-windows-amd64-cygwin\jdk8u291\1294\hotspot\src\share\vm\prims\methodHandles.cpp, line 1169]
Event: 34.080 Thread 0x000002655e2e3800 Exception <a 'java/lang/NoSuchFieldError': method resolution failed> (0x00000000e0fe11b0) thrown at [C:\jenkins\workspace\8-2-build-windows-amd64-cygwin\jdk8u291\1294\hotspot\src\share\vm\prims\methodHandles.cpp, line 1169]
Event: 569.417 Thread 0x000002655e323800 Exception <a 'java/io/IOException': No error in nativeavailable> (0x00000000e0dffbc8) thrown at [C:\jenkins\workspace\8-2-build-windows-amd64-cygwin\jdk8u291\1294\hotspot\src\share\vm\prims\jni.cpp, line 737]

Events (10 events):
Event: 65.124 loading class java/util/LinkedList$Node done
Event: 569.417 loading class java/lang/Throwable$WrappedPrintStream
Event: 569.418 loading class java/lang/Throwable$PrintStreamOrWriter
Event: 569.418 loading class java/lang/Throwable$PrintStreamOrWriter done
Event: 569.418 loading class java/lang/Throwable$WrappedPrintStream done
Event: 569.419 loading class java/util/IdentityHashMap
Event: 569.419 loading class java/util/IdentityHashMap done
Event: 569.419 loading class java/util/IdentityHashMap$KeySet
Event: 569.419 loading class java/util/IdentityHashMap$KeySet done
Event: 569.419 Thread 0x000002655e323800 Thread exited: 0x000002655e323800


Dynamic libraries:
0x00007ff6ffc60000 - 0x00007ff6ffca7000 	C:\Program Files\Java\jdk1.8.0_291\bin\javaw.exe
0x00007ffa927f0000 - 0x00007ffa929e5000 	C:\WINDOWS\SYSTEM32\ntdll.dll
0x00007ffa90a80000 - 0x00007ffa90b3d000 	C:\WINDOWS\System32\KERNEL32.DLL
0x00007ffa900f0000 - 0x00007ffa903bd000 	C:\WINDOWS\System32\KERNELBASE.dll
0x00007ffa91890000 - 0x00007ffa9193e000 	C:\WINDOWS\System32\ADVAPI32.dll
0x00007ffa91f20000 - 0x00007ffa91fbe000 	C:\WINDOWS\System32\msvcrt.dll
0x00007ffa91fc0000 - 0x00007ffa9205c000 	C:\WINDOWS\System32\sechost.dll
0x00007ffa911a0000 - 0x00007ffa912c5000 	C:\WINDOWS\System32\RPCRT4.dll
0x00007ffa91400000 - 0x00007ffa915a0000 	C:\WINDOWS\System32\USER32.dll
0x00007ffa90540000 - 0x00007ffa90562000 	C:\WINDOWS\System32\win32u.dll
0x00007ffa909a0000 - 0x00007ffa909ca000 	C:\WINDOWS\System32\GDI32.dll
0x00007ffa90430000 - 0x00007ffa9053b000 	C:\WINDOWS\System32\gdi32full.dll
0x00007ffa905a0000 - 0x00007ffa9063d000 	C:\WINDOWS\System32\msvcp_win.dll
0x00007ffa90640000 - 0x00007ffa90740000 	C:\WINDOWS\System32\ucrtbase.dll
0x00007ffa7f940000 - 0x00007ffa7fbda000 	C:\WINDOWS\WinSxS\amd64_microsoft.windows.common-controls_6595b64144ccf1df_6.0.19041.1110_none_60b5254171f9507e\COMCTL32.dll
0x00007ffa91360000 - 0x00007ffa91390000 	C:\WINDOWS\System32\IMM32.DLL
0x00007ffa89060000 - 0x00007ffa89075000 	C:\Program Files\Java\jdk1.8.0_291\jre\bin\vcruntime140.dll
0x00007ffa7bf10000 - 0x00007ffa7bfab000 	C:\Program Files\Java\jdk1.8.0_291\jre\bin\msvcp140.dll
0x00000000503f0000 - 0x0000000050c50000 	C:\Program Files\Java\jdk1.8.0_291\jre\bin\server\jvm.dll
0x00007ffa915a0000 - 0x00007ffa915a8000 	C:\WINDOWS\System32\PSAPI.DLL
0x00007ffa85060000 - 0x00007ffa85087000 	C:\WINDOWS\SYSTEM32\WINMM.dll
0x00007ffa86f20000 - 0x00007ffa86f2a000 	C:\WINDOWS\SYSTEM32\VERSION.dll
0x00007ffa8ba10000 - 0x00007ffa8ba19000 	C:\WINDOWS\SYSTEM32\WSOCK32.dll
0x00007ffa91ea0000 - 0x00007ffa91f0b000 	C:\WINDOWS\System32\WS2_32.dll
0x00007ffa8e790000 - 0x00007ffa8e7a2000 	C:\WINDOWS\SYSTEM32\kernel.appcore.dll
0x00007ffa89050000 - 0x00007ffa89060000 	C:\Program Files\Java\jdk1.8.0_291\jre\bin\verify.dll
0x00007ffa80300000 - 0x00007ffa8032b000 	C:\Program Files\Java\jdk1.8.0_291\jre\bin\java.dll
0x00007ffa80d30000 - 0x00007ffa80d48000 	C:\Program Files\Java\jdk1.8.0_291\jre\bin\zip.dll
0x00007ffa92060000 - 0x00007ffa927a4000 	C:\WINDOWS\System32\SHELL32.dll
0x00007ffa8ddb0000 - 0x00007ffa8e544000 	C:\WINDOWS\SYSTEM32\windows.storage.dll
0x00007ffa90e40000 - 0x00007ffa91194000 	C:\WINDOWS\System32\combase.dll
0x00007ffa8f960000 - 0x00007ffa8f98c000 	C:\WINDOWS\SYSTEM32\Wldp.dll
0x00007ffa90b40000 - 0x00007ffa90bed000 	C:\WINDOWS\System32\SHCORE.dll
0x00007ffa90860000 - 0x00007ffa908b5000 	C:\WINDOWS\System32\shlwapi.dll
0x00007ffa8fe40000 - 0x00007ffa8fe5f000 	C:\WINDOWS\SYSTEM32\profapi.dll
0x000000006af40000 - 0x000000006af9f000 	C:\Users\User\git\arduino\arduino\lib\rxtxSerial.dll
0x00007ffa808c0000 - 0x00007ffa808dc000 	C:\Program Files\Java\jdk1.8.0_291\jre\bin\net.dll
0x00007ffa8f6c0000 - 0x00007ffa8f72a000 	C:\WINDOWS\system32\mswsock.dll
0x00007ffa8f3a0000 - 0x00007ffa8f46b000 	C:\WINDOWS\SYSTEM32\DNSAPI.dll
0x00007ffa8f360000 - 0x00007ffa8f39b000 	C:\WINDOWS\SYSTEM32\IPHLPAPI.DLL
0x00007ffa91f10000 - 0x00007ffa91f18000 	C:\WINDOWS\System32\NSI.dll
0x00007ffa88060000 - 0x00007ffa8806a000 	C:\Windows\System32\rasadhlp.dll
0x00007ffa7fbe0000 - 0x00007ffa7fc60000 	C:\WINDOWS\System32\fwpuclnt.dll
0x00007ffa90570000 - 0x00007ffa90597000 	C:\WINDOWS\System32\bcrypt.dll
0x00007ffa8dbb0000 - 0x00007ffa8dd94000 	C:\WINDOWS\SYSTEM32\dbghelp.dll
0x00007ffa8ff00000 - 0x00007ffa8ff82000 	C:\WINDOWS\System32\bcryptPrimitives.dll

VM Arguments:
jvm_args: -Djava.library.path=C:\Users\User\git\arduino\arduino\lib -Dfile.encoding=UTF-8 
java_command: spring.arduino.com.serial.Main
java_class_path (initial): C:\Users\User\git\arduino\arduino\target\classes;C:\Users\User\Desktop\eclipse\apache-tomcat-9.0.45\lib\annotations-api.jar;C:\Users\User\Desktop\eclipse\apache-tomcat-9.0.45\lib\catalina-ant.jar;C:\Users\User\Desktop\eclipse\apache-tomcat-9.0.45\lib\catalina-ha.jar;C:\Users\User\Desktop\eclipse\apache-tomcat-9.0.45\lib\catalina-ssi.jar;C:\Users\User\Desktop\eclipse\apache-tomcat-9.0.45\lib\catalina-storeconfig.jar;C:\Users\User\Desktop\eclipse\apache-tomcat-9.0.45\lib\catalina-tribes.jar;C:\Users\User\Desktop\eclipse\apache-tomcat-9.0.45\lib\catalina.jar;C:\Users\User\Desktop\eclipse\apache-tomcat-9.0.45\lib\ecj-4.18.jar;C:\Users\User\Desktop\eclipse\apache-tomcat-9.0.45\lib\el-api.jar;C:\Users\User\Desktop\eclipse\apache-tomcat-9.0.45\lib\jasper-el.jar;C:\Users\User\Desktop\eclipse\apache-tomcat-9.0.45\lib\jasper.jar;C:\Users\User\Desktop\eclipse\apache-tomcat-9.0.45\lib\jaspic-api.jar;C:\Users\User\Desktop\eclipse\apache-tomcat-9.0.45\lib\jsp-api.jar;C:\Users\User\Desktop\eclipse\apache-tomcat-9.0.45\lib\servlet-api.jar;C:\Users\User\Desktop\eclipse\apache-tomcat-9.0.45\lib\tomcat-api.jar;C:\Users\User\Desktop\eclipse\apache-tomcat-9.0.45\lib\tomcat-coyote.jar;C:\Users\User\Desktop\eclipse\apache-tomcat-9.0.45\lib\tomcat-dbcp.jar;C:\Users\User\Desktop\eclipse\apache-tomcat-9.0.45\lib\tomcat-i18n-cs.jar;C:\Users\User\Desktop\eclipse\apache-tomcat-9.0.45\lib\tomcat-i18n-de.jar;C:\Users\User\Desktop\eclipse\apache-tomcat-9.0.45\lib\tomcat-i18n-es.jar;C:\Users\User\Desktop\eclipse\apache-tomcat-9.0.45\lib\tomcat-i18n-fr.jar;C:\Users\User\Desktop\eclipse\apache-tomcat-9.0.45\lib\tomcat-i18n-ja.jar;C:\Users\User\Desktop\eclipse\apache-tomcat-9.0.45\lib\tomcat-i18n-ko.jar;C:\Users\User\Desktop\eclipse\apache-tomcat-9.0.45\lib\tomcat-i18n-pt-BR.jar;C:\Users\User\Desktop\eclipse\apache-tomcat-9.0.45\lib\tomcat-i18n-ru.jar;C:\Users\User\Desktop\eclipse\apache-tomcat-9.0.45\lib\tomcat-i18n-zh-CN.jar;C:\Users\User\Desktop\eclipse\apache-tomcat-9.
Launcher Type: SUN_STANDARD

Environment Variables:
JAVA_HOME=C:\Program Files\Java\jdk1.8.0_291\bin
PATH=C:/Users/User/.p2/pool/plugins/org.eclipse.justj.openjdk.hotspot.jre.full.win32.x86_64_15.0.2.v20210201-0955/jre/bin/server;C:/Users/User/.p2/pool/plugins/org.eclipse.justj.openjdk.hotspot.jre.full.win32.x86_64_15.0.2.v20210201-0955/jre/bin;C:\Program Files\dotnet\anaconda3;C:\Program Files\dotnet\anaconda3\Library\mingw-w64\bin;C:\Program Files\dotnet\anaconda3\Library\usr\bin;C:\Program Files\dotnet\anaconda3\Library\bin;C:\Program Files\dotnet\anaconda3\Scripts;C:\ProgramData\Anaconda3;C:\ProgramData\Anaconda3\Library\mingw-w64\bin;C:\ProgramData\Anaconda3\Library\usr\bin;C:\ProgramData\Anaconda3\Library\bin;C:\ProgramData\Anaconda3\Scripts;C:\Program Files (x86)\Common Files\Oracle\Java\javapath;C:\WINDOWS\system32;C:\WINDOWS;C:\WINDOWS\System32\Wbem;C:\WINDOWS\System32\WindowsPowerShell\v1.0\;C:\WINDOWS\System32\OpenSSH\;C:\Program Files (x86)\PuTTY\;C:\Users\User\Desktop\eclipse\apache-tomcat-9.0.45\bin;C:\Program Files\MariaDB 10.5\bin;C:\Program Files\dotnet\;C:\Program Files\PuTTY\;C:\Program Files\Java\jdk1.8.0_291\bin;C:\Users\User\AppData\Local\Microsoft\WindowsApps;C:\Program Files\Bandizip\;C:\Users\User\.dotnet\tools;C:\Users\User\AppData\Local\Programs\Microsoft VS Code\bin;C:\ProgramData\User\atom\bin;C:\Users\User\AppData\Local\atom\bin;%USERPROFILE%\AppData\Local\Microsoft\WindowsApps;;C:\Users\User\Desktop\eclipse;
USERNAME=User
OS=Windows_NT
PROCESSOR_IDENTIFIER=AMD64 Family 23 Model 96 Stepping 1, AuthenticAMD



---------------  S Y S T E M  ---------------

OS: Windows 10.0 , 64 bit Build 19041 (10.0.19041.1706)

CPU:total 8 (initial active 8) (8 cores per cpu, 1 threads per core) family 23 model 96 stepping 1, cmov, cx8, fxsr, mmx, sse, sse2, sse3, ssse3, sse4.1, sse4.2, popcnt, avx, avx2, aes, clmul, mmxext, 3dnowpref, lzcnt, sse4a, tsc, tscinvbit, tscinv, bmi1

Memory: 4k page, physical 6157632k(1116256k free), swap 12186944k(2388044k free)

vm_info: Java HotSpot(TM) 64-Bit Server VM (25.291-b10) for windows-amd64 JRE (1.8.0_291-b10), built on Apr  9 2021 00:02:00 by "java_re" with MS VC++ 15.9 (VS2017)

time: Wed Jun  8 13:05:12 2022
timezone: 대한민국 표준시
elapsed time: 569.574731 seconds (0d 0h 9m 29s)

