#
# A fatal error has been detected by the Java Runtime Environment:
#
#  EXCEPTION_ACCESS_VIOLATION (0xc0000005) at pc=0x000000006af44c2c, pid=36036, tid=0x0000000000007734
#
# JRE version: Java(TM) SE Runtime Environment (8.0_291-b10) (build 1.8.0_291-b10)
# Java VM: Java HotSpot(TM) 64-Bit Server VM (25.291-b10 mixed mode windows-amd64 compressed oops)
# Problematic frame:
# C  [rxtxSerial.dll+0x4c2c]
#
# Failed to write core dump. Minidumps are not enabled by default on client versions of Windows
#
# If you would like to submit a bug report, please visit:
#   http://bugreport.java.com/bugreport/crash.jsp
# The crash happened outside the Java Virtual Machine in native code.
# See problematic frame for where to report the bug.
#

---------------  T H R E A D  ---------------

Current thread (0x0000027662c19000):  JavaThread "Thread-1" [_thread_in_native, id=30516, stack(0x0000009c08c00000,0x0000009c08d00000)]

siginfo: ExceptionCode=0xc0000005, writing address 0x0000009c08bfefc8

Registers:
RAX=0x0000009c08bfefc0, RBX=0x0000000000000000, RCX=0x0000000000000000, RDX=0x0000000000000000
RSP=0x0000009c08cff130, RBP=0x0000027663188940, RSI=0x0000000000000001, RDI=0x0000000000000000
R8 =0x0000009c08cff088, R9 =0x0000027663188940, R10=0x0000000000000000, R11=0x0000000000000246
R12=0x0000000000000000, R13=0x0000000000000001, R14=0x0000000000000001, R15=0x0000027662c19000
RIP=0x000000006af44c2c, EFLAGS=0x0000000000010246

Top of Stack: (sp=0x0000009c08cff130)
0x0000009c08cff130:   0000000000000400 0000027600000000
0x0000009c08cff140:   0000000000000000 0000000000000000
0x0000009c08cff150:   0000009c08bfefc0 0000000000000000
0x0000009c08cff160:   0000000000000000 0000000000000000
0x0000009c08cff170:   0000027663188940 0000000000000001
0x0000009c08cff180:   ffffffffffffffff 0000027662c19200
0x0000009c08cff190:   0000009c08cff250 0000000000000001
0x0000009c08cff1a0:   0000027662c19000 000000006af459cd
0x0000009c08cff1b0:   0000027662c19200 0000009c08cff228
0x0000009c08cff1c0:   00000000e2308200 0000027662c19200
0x0000009c08cff1d0:   0000009c00000001 00000000ffffffff
0x0000009c08cff1e0:   0000000100061c10 00000000e2308200
0x0000009c08cff1f0:   0000000000000001 0000009c08cff280
0x0000009c08cff200:   0000000000000000 0000009c08cff3d0
0x0000009c08cff210:   0000000000000000 000002764d8b8ab1
0x0000009c08cff220:   000002764d6f56d0 0000009c08cff248 

Instructions: (pc=0x000000006af44c2c)
0x000000006af44c0c:   00 00 00 75 d7 b9 e8 03 00 00 e8 45 1e 00 00 eb
0x000000006af44c1c:   d0 0f 1f 00 45 31 e4 48 8b 44 24 20 8b 7c 24 2c
0x000000006af44c2c:   89 78 08 44 89 e0 48 83 c4 38 5b 5e 5f 5d 41 5c
0x000000006af44c3c:   41 5d 41 5e 41 5f c3 0f 1f 44 00 00 4c 8b 3d 1d 


Register to memory mapping:

RAX=0x0000009c08bfefc0 is an unknown value
RBX=0x0000000000000000 is an unknown value
RCX=0x0000000000000000 is an unknown value
RDX=0x0000000000000000 is an unknown value
RSP=0x0000009c08cff130 is pointing into the stack for thread: 0x0000027662c19000
RBP=0x0000027663188940 is an unknown value
RSI=0x0000000000000001 is an unknown value
RDI=0x0000000000000000 is an unknown value
R8 =0x0000009c08cff088 is pointing into the stack for thread: 0x0000027662c19000
R9 =0x0000027663188940 is an unknown value
R10=0x0000000000000000 is an unknown value
R11=0x0000000000000246 is an unknown value
R12=0x0000000000000000 is an unknown value
R13=0x0000000000000001 is an unknown value
R14=0x0000000000000001 is an unknown value
R15=0x0000027662c19000 is a thread


Stack: [0x0000009c08c00000,0x0000009c08d00000],  sp=0x0000009c08cff130,  free space=1020k
Native frames: (J=compiled Java code, j=interpreted, Vv=VM code, C=native code)
C  [rxtxSerial.dll+0x4c2c]
C  [rxtxSerial.dll+0x59cd]
C  0x000002764d8b8ab1

Java frames: (J=compiled Java code, j=interpreted, Vv=VM code)
J 381  gnu.io.RXTXPort.readArray([BII)I (0 bytes) @ 0x000002764d8b8a14 [0x000002764d8b89c0+0x54]
J 380 C1 gnu.io.RXTXPort$SerialInputStream.read([BII)I (230 bytes) @ 0x000002764d8bdf6c [0x000002764d8bd720+0x84c]
J 379 C1 gnu.io.RXTXPort$SerialInputStream.read([B)I (77 bytes) @ 0x000002764d8b7274 [0x000002764d8b6ec0+0x3b4]
j  spring.arduino.com.serial.SerialRead.run()V+132
j  java.lang.Thread.run()V+11
v  ~StubRoutines::call_stub

---------------  P R O C E S S  ---------------

Java Threads: ( => current thread )
  0x000002764bced000 JavaThread "DestroyJavaVM" [_thread_blocked, id=31168, stack(0x0000009c07700000,0x0000009c07800000)]
=>0x0000027662c19000 JavaThread "Thread-1" [_thread_in_native, id=30516, stack(0x0000009c08c00000,0x0000009c08d00000)]
  0x0000027662a07800 JavaThread "Service Thread" daemon [_thread_blocked, id=11020, stack(0x0000009c08900000,0x0000009c08a00000)]
  0x0000027660c96800 JavaThread "C1 CompilerThread3" daemon [_thread_blocked, id=31692, stack(0x0000009c08800000,0x0000009c08900000)]
  0x0000027660c8f000 JavaThread "C2 CompilerThread2" daemon [_thread_blocked, id=14628, stack(0x0000009c08700000,0x0000009c08800000)]
  0x0000027660c89000 JavaThread "C2 CompilerThread1" daemon [_thread_blocked, id=8856, stack(0x0000009c08600000,0x0000009c08700000)]
  0x0000027660c85000 JavaThread "C2 CompilerThread0" daemon [_thread_blocked, id=16024, stack(0x0000009c08500000,0x0000009c08600000)]
  0x0000027660c30800 JavaThread "Attach Listener" daemon [_thread_blocked, id=32048, stack(0x0000009c08400000,0x0000009c08500000)]
  0x0000027660c2f800 JavaThread "Signal Dispatcher" daemon [_thread_blocked, id=15216, stack(0x0000009c08300000,0x0000009c08400000)]
  0x0000027660c02000 JavaThread "Finalizer" daemon [_thread_blocked, id=34836, stack(0x0000009c08200000,0x0000009c08300000)]
  0x0000027660bf3000 JavaThread "Reference Handler" daemon [_thread_blocked, id=34204, stack(0x0000009c08100000,0x0000009c08200000)]

Other Threads:
  0x0000027660bc8000 VMThread [stack: 0x0000009c08000000,0x0000009c08100000] [id=12688]
  0x0000027662a0d000 WatcherThread [stack: 0x0000009c08a00000,0x0000009c08b00000] [id=11836]

VM state:not at safepoint (normal execution)

VM Mutex/Monitor currently owned by a thread: None

heap address: 0x00000000a2000000, size: 1504 MB, Compressed Oops mode: 32-bit
Narrow klass base: 0x0000000000000000, Narrow klass shift: 3
Compressed class space size: 1073741824 Address: 0x0000000100000000

Heap:
 PSYoungGen      total 28160K, used 9762K [0x00000000e0b00000, 0x00000000e2a00000, 0x0000000100000000)
  eden space 24576K, 25% used [0x00000000e0b00000,0x00000000e110a0e8,0x00000000e2300000)
  from space 3584K, 99% used [0x00000000e2300000,0x00000000e267e940,0x00000000e2680000)
  to   space 3584K, 0% used [0x00000000e2680000,0x00000000e2680000,0x00000000e2a00000)
 ParOldGen       total 64512K, used 12434K [0x00000000a2000000, 0x00000000a5f00000, 0x00000000e0b00000)
  object space 64512K, 19% used [0x00000000a2000000,0x00000000a2c248b8,0x00000000a5f00000)
 Metaspace       used 5211K, capacity 5412K, committed 5504K, reserved 1056768K
  class space    used 540K, capacity 632K, committed 640K, reserved 1048576K

Card table byte_map: [0x000002765cab0000,0x000002765cdb0000] byte_map_base: 0x000002765c5a0000

Marking Bits: (ParMarkBitMap*) 0x000000005b147fe0
 Begin Bits: [0x000002765cfb0000, 0x000002765e730000)
 End Bits:   [0x000002765e730000, 0x000002765feb0000)

Polling page: 0x000002764be60000

CodeCache: size=245760Kb used=2968Kb max_used=2981Kb free=242791Kb
 bounds [0x000002764d6f0000, 0x000002764d9e0000, 0x000002765c6f0000]
 total_blobs=975 nmethods=693 adapters=196
 compilation: enabled

Compilation events (10 events):
Event: 815.448 Thread 0x0000027660c96800  689       3       java.net.URL::toString (5 bytes)
Event: 815.449 Thread 0x0000027660c96800 nmethod 689 0x000002764d9d13d0 code [0x000002764d9d1540, 0x000002764d9d1830]
Event: 826.371 Thread 0x0000027660c85000  690       4       java.lang.StringBuilder::<init> (18 bytes)
Event: 826.381 Thread 0x0000027660c85000 nmethod 690 0x000002764d9d98d0 code [0x000002764d9d9a20, 0x000002764d9d9f18]
Event: 833.434 Thread 0x0000027660c85000  691   !   4       java.io.PrintStream::write (83 bytes)
Event: 833.443 Thread 0x0000027660c85000 nmethod 691 0x000002764d9d32d0 code [0x000002764d9d3460, 0x000002764d9d3ed8]
Event: 853.414 Thread 0x0000027660c8f000  692   !   4       java.net.AbstractPlainSocketImpl::acquireFD (29 bytes)
Event: 853.416 Thread 0x0000027660c8f000 nmethod 692 0x000002764d9d0fd0 code [0x000002764d9d1100, 0x000002764d9d1338]
Event: 857.427 Thread 0x0000027660c85000  693       4       java.lang.StringBuilder::append (8 bytes)
Event: 857.446 Thread 0x0000027660c85000 nmethod 693 0x000002764d9dc490 code [0x000002764d9dc600, 0x000002764d9dce58]

GC Heap History (2 events):
Event: 699.509 GC heap before
{Heap before GC invocations=1 (full 0):
 PSYoungGen      total 28160K, used 24576K [0x00000000e0b00000, 0x00000000e2a00000, 0x0000000100000000)
  eden space 24576K, 100% used [0x00000000e0b00000,0x00000000e2300000,0x00000000e2300000)
  from space 3584K, 0% used [0x00000000e2680000,0x00000000e2680000,0x00000000e2a00000)
  to   space 3584K, 0% used [0x00000000e2300000,0x00000000e2300000,0x00000000e2680000)
 ParOldGen       total 64512K, used 0K [0x00000000a2000000, 0x00000000a5f00000, 0x00000000e0b00000)
  object space 64512K, 0% used [0x00000000a2000000,0x00000000a2000000,0x00000000a5f00000)
 Metaspace       used 5105K, capacity 5252K, committed 5504K, reserved 1056768K
  class space    used 531K, capacity 600K, committed 640K, reserved 1048576K
Event: 699.522 GC heap after
Heap after GC invocations=1 (full 0):
 PSYoungGen      total 28160K, used 3578K [0x00000000e0b00000, 0x00000000e2a00000, 0x0000000100000000)
  eden space 24576K, 0% used [0x00000000e0b00000,0x00000000e0b00000,0x00000000e2300000)
  from space 3584K, 99% used [0x00000000e2300000,0x00000000e267e940,0x00000000e2680000)
  to   space 3584K, 0% used [0x00000000e2680000,0x00000000e2680000,0x00000000e2a00000)
 ParOldGen       total 64512K, used 12434K [0x00000000a2000000, 0x00000000a5f00000, 0x00000000e0b00000)
  object space 64512K, 19% used [0x00000000a2000000,0x00000000a2c248b8,0x00000000a5f00000)
 Metaspace       used 5105K, capacity 5252K, committed 5504K, reserved 1056768K
  class space    used 531K, capacity 600K, committed 640K, reserved 1048576K
}

Deoptimization events (1 events):
Event: 701.550 Thread 0x0000027662c19000 Uncommon trap: reason=unstable_if action=reinterpret pc=0x000002764d8c7b78 method=java.lang.String.equalsIgnoreCase(Ljava/lang/String;)Z @ 2

Classes redefined (0 events):
No events

Internal exceptions (10 events):
Event: 705.499 Thread 0x0000027662c19000 Exception <a 'java/net/SocketException': Socket closed> (0x00000000e0b2ab40) thrown at [C:\jenkins\workspace\8-2-build-windows-amd64-cygwin\jdk8u291\1294\hotspot\src\share\vm\prims\jni.cpp, line 737]
Event: 705.499 Thread 0x0000027662c19000 Exception <a 'java/net/SocketException': Socket closed> (0x00000000e0b2af98) thrown at [C:\jenkins\workspace\8-2-build-windows-amd64-cygwin\jdk8u291\1294\hotspot\src\share\vm\prims\jni.cpp, line 737]
Event: 705.499 Thread 0x0000027662c19000 Exception <a 'java/net/SocketException': Socket closed> (0x00000000e0b2b3f0) thrown at [C:\jenkins\workspace\8-2-build-windows-amd64-cygwin\jdk8u291\1294\hotspot\src\share\vm\prims\jni.cpp, line 737]
Event: 707.495 Thread 0x0000027662c19000 Exception <a 'java/net/SocketException': Socket closed> (0x00000000e0b3acb0) thrown at [C:\jenkins\workspace\8-2-build-windows-amd64-cygwin\jdk8u291\1294\hotspot\src\share\vm\prims\jni.cpp, line 737]
Event: 707.495 Thread 0x0000027662c19000 Exception <a 'java/net/SocketException': Socket closed> (0x00000000e0b3b108) thrown at [C:\jenkins\workspace\8-2-build-windows-amd64-cygwin\jdk8u291\1294\hotspot\src\share\vm\prims\jni.cpp, line 737]
Event: 707.495 Thread 0x0000027662c19000 Exception <a 'java/net/SocketException': Socket closed> (0x00000000e0b3b560) thrown at [C:\jenkins\workspace\8-2-build-windows-amd64-cygwin\jdk8u291\1294\hotspot\src\share\vm\prims\jni.cpp, line 737]
Event: 709.493 Thread 0x0000027662c19000 Exception <a 'java/net/SocketException': Socket closed> (0x00000000e0b4ac28) thrown at [C:\jenkins\workspace\8-2-build-windows-amd64-cygwin\jdk8u291\1294\hotspot\src\share\vm\prims\jni.cpp, line 737]
Event: 709.493 Thread 0x0000027662c19000 Exception <a 'java/net/SocketException': Socket closed> (0x00000000e0b4b080) thrown at [C:\jenkins\workspace\8-2-build-windows-amd64-cygwin\jdk8u291\1294\hotspot\src\share\vm\prims\jni.cpp, line 737]
Event: 709.493 Thread 0x0000027662c19000 Exception <a 'java/net/SocketException': Socket closed> (0x00000000e0b4b4d8) thrown at [C:\jenkins\workspace\8-2-build-windows-amd64-cygwin\jdk8u291\1294\hotspot\src\share\vm\prims\jni.cpp, line 737]
Event: 875.051 Thread 0x0000027662bf2800 Exception <a 'java/io/IOException': No error in nativeavailable> (0x00000000e10cca28) thrown at [C:\jenkins\workspace\8-2-build-windows-amd64-cygwin\jdk8u291\1294\hotspot\src\share\vm\prims\jni.cpp, line 737]

Events (10 events):
Event: 709.586 Thread 0x0000027662a4a800 Thread exited: 0x0000027662a4a800
Event: 875.051 loading class java/lang/Throwable$WrappedPrintStream
Event: 875.051 loading class java/lang/Throwable$PrintStreamOrWriter
Event: 875.051 loading class java/lang/Throwable$PrintStreamOrWriter done
Event: 875.051 loading class java/lang/Throwable$WrappedPrintStream done
Event: 875.051 loading class java/util/IdentityHashMap
Event: 875.052 loading class java/util/IdentityHashMap done
Event: 875.052 loading class java/util/IdentityHashMap$KeySet
Event: 875.052 loading class java/util/IdentityHashMap$KeySet done
Event: 875.052 Thread 0x0000027662bf2800 Thread exited: 0x0000027662bf2800


Dynamic libraries:
0x00007ff6ca070000 - 0x00007ff6ca0b7000 	C:\Program Files\Java\jdk1.8.0_291\bin\javaw.exe
0x00007ffa21a30000 - 0x00007ffa21c25000 	C:\WINDOWS\SYSTEM32\ntdll.dll
0x00007ffa1fcd0000 - 0x00007ffa1fd8e000 	C:\WINDOWS\System32\KERNEL32.DLL
0x00007ffa1f1b0000 - 0x00007ffa1f478000 	C:\WINDOWS\System32\KERNELBASE.dll
0x00007ffa1fae0000 - 0x00007ffa1fb8c000 	C:\WINDOWS\System32\ADVAPI32.dll
0x00007ffa205f0000 - 0x00007ffa2068e000 	C:\WINDOWS\System32\msvcrt.dll
0x00007ffa210d0000 - 0x00007ffa2116b000 	C:\WINDOWS\System32\sechost.dll
0x00007ffa218c0000 - 0x00007ffa219ea000 	C:\WINDOWS\System32\RPCRT4.dll
0x00007ffa1fed0000 - 0x00007ffa20071000 	C:\WINDOWS\System32\USER32.dll
0x00007ffa1f790000 - 0x00007ffa1f7b2000 	C:\WINDOWS\System32\win32u.dll
0x00007ffa20530000 - 0x00007ffa2055b000 	C:\WINDOWS\System32\GDI32.dll
0x00007ffa1f480000 - 0x00007ffa1f58b000 	C:\WINDOWS\System32\gdi32full.dll
0x00007ffa1f6f0000 - 0x00007ffa1f78d000 	C:\WINDOWS\System32\msvcp_win.dll
0x00007ffa1f5f0000 - 0x00007ffa1f6f0000 	C:\WINDOWS\System32\ucrtbase.dll
0x00007ffa0e8f0000 - 0x00007ffa0eb8a000 	C:\WINDOWS\WinSxS\amd64_microsoft.windows.common-controls_6595b64144ccf1df_6.0.19041.1110_none_60b5254171f9507e\COMCTL32.dll
0x00007ffa20350000 - 0x00007ffa20380000 	C:\WINDOWS\System32\IMM32.DLL
0x00007ffa17bd0000 - 0x00007ffa17be5000 	C:\Program Files\Java\jdk1.8.0_291\jre\bin\vcruntime140.dll
0x00007ff9eaa00000 - 0x00007ff9eaa9b000 	C:\Program Files\Java\jdk1.8.0_291\jre\bin\msvcp140.dll
0x000000005a960000 - 0x000000005b1c0000 	C:\Program Files\Java\jdk1.8.0_291\jre\bin\server\jvm.dll
0x00007ffa20a50000 - 0x00007ffa20a58000 	C:\WINDOWS\System32\PSAPI.DLL
0x00007ffa14250000 - 0x00007ffa14277000 	C:\WINDOWS\SYSTEM32\WINMM.dll
0x00007ffa140d0000 - 0x00007ffa140da000 	C:\WINDOWS\SYSTEM32\VERSION.dll
0x00007ffa19900000 - 0x00007ffa19909000 	C:\WINDOWS\SYSTEM32\WSOCK32.dll
0x00007ffa1fe60000 - 0x00007ffa1fecb000 	C:\WINDOWS\System32\WS2_32.dll
0x00007ffa1da30000 - 0x00007ffa1da42000 	C:\WINDOWS\SYSTEM32\kernel.appcore.dll
0x00007ffa0f720000 - 0x00007ffa0f730000 	C:\Program Files\Java\jdk1.8.0_291\jre\bin\verify.dll
0x00007ffa0f6f0000 - 0x00007ffa0f71b000 	C:\Program Files\Java\jdk1.8.0_291\jre\bin\java.dll
0x00007ffa0f6d0000 - 0x00007ffa0f6e8000 	C:\Program Files\Java\jdk1.8.0_291\jre\bin\zip.dll
0x00007ffa21170000 - 0x00007ffa218af000 	C:\WINDOWS\System32\SHELL32.dll
0x00007ffa1d290000 - 0x00007ffa1da20000 	C:\WINDOWS\SYSTEM32\windows.storage.dll
0x00007ffa20690000 - 0x00007ffa209e5000 	C:\WINDOWS\System32\combase.dll
0x00007ffa1ec00000 - 0x00007ffa1ec2e000 	C:\WINDOWS\SYSTEM32\Wldp.dll
0x00007ffa20ac0000 - 0x00007ffa20b6d000 	C:\WINDOWS\System32\SHCORE.dll
0x00007ffa209f0000 - 0x00007ffa20a45000 	C:\WINDOWS\System32\shlwapi.dll
0x00007ffa1f0f0000 - 0x00007ffa1f10f000 	C:\WINDOWS\SYSTEM32\profapi.dll
0x000000006af40000 - 0x000000006af9f000 	C:\Users\User\git\arduino\arduino\lib\rxtxSerial.dll
0x00007ffa0f6b0000 - 0x00007ffa0f6cc000 	C:\Program Files\Java\jdk1.8.0_291\jre\bin\net.dll
0x00007ffa1e960000 - 0x00007ffa1e9ca000 	C:\WINDOWS\system32\mswsock.dll
0x00007ffa1e640000 - 0x00007ffa1e70b000 	C:\WINDOWS\SYSTEM32\DNSAPI.dll
0x00007ffa1e600000 - 0x00007ffa1e63b000 	C:\WINDOWS\SYSTEM32\IPHLPAPI.DLL
0x00007ffa218b0000 - 0x00007ffa218b8000 	C:\WINDOWS\System32\NSI.dll
0x00007ffa17150000 - 0x00007ffa1715a000 	C:\Windows\System32\rasadhlp.dll
0x00007ffa0eba0000 - 0x00007ffa0ec1f000 	C:\WINDOWS\System32\fwpuclnt.dll
0x00007ffa1f7c0000 - 0x00007ffa1f7e7000 	C:\WINDOWS\System32\bcrypt.dll
0x00007ffa1ce60000 - 0x00007ffa1d044000 	C:\WINDOWS\SYSTEM32\dbghelp.dll
0x00007ffa1f8a0000 - 0x00007ffa1f923000 	C:\WINDOWS\System32\bcryptPrimitives.dll

VM Arguments:
jvm_args: -Djava.library.path=C:\Users\User\git\arduino\arduino\lib -Dfile.encoding=UTF-8 
java_command: spring.arduino.com.serial.Main
java_class_path (initial): C:\Users\User\git\arduino\arduino\target\classes;C:\Users\User\Desktop\eclipse\apache-tomcat-9.0.45\lib\annotations-api.jar;C:\Users\User\Desktop\eclipse\apache-tomcat-9.0.45\lib\catalina-ant.jar;C:\Users\User\Desktop\eclipse\apache-tomcat-9.0.45\lib\catalina-ha.jar;C:\Users\User\Desktop\eclipse\apache-tomcat-9.0.45\lib\catalina-ssi.jar;C:\Users\User\Desktop\eclipse\apache-tomcat-9.0.45\lib\catalina-storeconfig.jar;C:\Users\User\Desktop\eclipse\apache-tomcat-9.0.45\lib\catalina-tribes.jar;C:\Users\User\Desktop\eclipse\apache-tomcat-9.0.45\lib\catalina.jar;C:\Users\User\Desktop\eclipse\apache-tomcat-9.0.45\lib\ecj-4.18.jar;C:\Users\User\Desktop\eclipse\apache-tomcat-9.0.45\lib\el-api.jar;C:\Users\User\Desktop\eclipse\apache-tomcat-9.0.45\lib\jasper-el.jar;C:\Users\User\Desktop\eclipse\apache-tomcat-9.0.45\lib\jasper.jar;C:\Users\User\Desktop\eclipse\apache-tomcat-9.0.45\lib\jaspic-api.jar;C:\Users\User\Desktop\eclipse\apache-tomcat-9.0.45\lib\jsp-api.jar;C:\Users\User\Desktop\eclipse\apache-tomcat-9.0.45\lib\servlet-api.jar;C:\Users\User\Desktop\eclipse\apache-tomcat-9.0.45\lib\tomcat-api.jar;C:\Users\User\Desktop\eclipse\apache-tomcat-9.0.45\lib\tomcat-coyote.jar;C:\Users\User\Desktop\eclipse\apache-tomcat-9.0.45\lib\tomcat-dbcp.jar;C:\Users\User\Desktop\eclipse\apache-tomcat-9.0.45\lib\tomcat-i18n-cs.jar;C:\Users\User\Desktop\eclipse\apache-tomcat-9.0.45\lib\tomcat-i18n-de.jar;C:\Users\User\Desktop\eclipse\apache-tomcat-9.0.45\lib\tomcat-i18n-es.jar;C:\Users\User\Desktop\eclipse\apache-tomcat-9.0.45\lib\tomcat-i18n-fr.jar;C:\Users\User\Desktop\eclipse\apache-tomcat-9.0.45\lib\tomcat-i18n-ja.jar;C:\Users\User\Desktop\eclipse\apache-tomcat-9.0.45\lib\tomcat-i18n-ko.jar;C:\Users\User\Desktop\eclipse\apache-tomcat-9.0.45\lib\tomcat-i18n-pt-BR.jar;C:\Users\User\Desktop\eclipse\apache-tomcat-9.0.45\lib\tomcat-i18n-ru.jar;C:\Users\User\Desktop\eclipse\apache-tomcat-9.0.45\lib\tomcat-i18n-zh-CN.jar;C:\Users\User\Desktop\eclipse\apache-tomcat-9.
Launcher Type: SUN_STANDARD

Environment Variables:
JAVA_HOME=C:\Program Files\Java\jdk1.8.0_291\bin
PATH=C:/Users/User/.p2/pool/plugins/org.eclipse.justj.openjdk.hotspot.jre.full.win32.x86_64_15.0.2.v20210201-0955/jre/bin/server;C:/Users/User/.p2/pool/plugins/org.eclipse.justj.openjdk.hotspot.jre.full.win32.x86_64_15.0.2.v20210201-0955/jre/bin;C:\Program Files\dotnet\anaconda3;C:\Program Files\dotnet\anaconda3\Library\mingw-w64\bin;C:\Program Files\dotnet\anaconda3\Library\usr\bin;C:\Program Files\dotnet\anaconda3\Library\bin;C:\Program Files\dotnet\anaconda3\Scripts;C:\ProgramData\Anaconda3;C:\ProgramData\Anaconda3\Library\mingw-w64\bin;C:\ProgramData\Anaconda3\Library\usr\bin;C:\ProgramData\Anaconda3\Library\bin;C:\ProgramData\Anaconda3\Scripts;C:\Program Files (x86)\Common Files\Oracle\Java\javapath;C:\WINDOWS\system32;C:\WINDOWS;C:\WINDOWS\System32\Wbem;C:\WINDOWS\System32\WindowsPowerShell\v1.0\;C:\WINDOWS\System32\OpenSSH\;C:\Program Files (x86)\PuTTY\;C:\Users\User\Desktop\eclipse\apache-tomcat-9.0.45\bin;C:\Program Files\MariaDB 10.5\bin;C:\Program Files\dotnet\;C:\Program Files\PuTTY\;C:\Program Files\Java\jdk1.8.0_291\bin;C:\Users\User\AppData\Local\Microsoft\WindowsApps;C:\Program Files\Bandizip\;C:\Users\User\.dotnet\tools;C:\Users\User\AppData\Local\Programs\Microsoft VS Code\bin;C:\ProgramData\User\atom\bin;C:\Users\User\AppData\Local\atom\bin;C:\Users\User\Desktop\eclipse;
USERNAME=User
OS=Windows_NT
PROCESSOR_IDENTIFIER=AMD64 Family 23 Model 96 Stepping 1, AuthenticAMD



---------------  S Y S T E M  ---------------

OS: Windows 10.0 , 64 bit Build 19041 (10.0.19041.1348)

CPU:total 8 (initial active 8) (8 cores per cpu, 1 threads per core) family 23 model 96 stepping 1, cmov, cx8, fxsr, mmx, sse, sse2, sse3, ssse3, sse4.1, sse4.2, popcnt, avx, avx2, aes, clmul, mmxext, 3dnowpref, lzcnt, sse4a, tsc, tscinvbit, tscinv, bmi1

Memory: 4k page, physical 6157632k(676768k free), swap 13509812k(2342416k free)

vm_info: Java HotSpot(TM) 64-Bit Server VM (25.291-b10) for windows-amd64 JRE (1.8.0_291-b10), built on Apr  9 2021 00:02:00 by "java_re" with MS VC++ 15.9 (VS2017)

time: Wed Apr 27 14:12:09 2022
timezone: 대한민국 표준시
elapsed time: 875.176768 seconds (0d 0h 14m 35s)

